{"C:\\web-course\\web-programming-course\\lessons\\lr8\\quiz-backend\\src\\lib\\prisma.ts": {"path":"C:\\web-course\\web-programming-course\\lessons\\lr8\\quiz-backend\\src\\lib\\prisma.ts","statementMap":{"0":{"start":{"line":4,"column":24},"end":{"line":4,"column":null}},"1":{"start":{"line":8,"column":22},"end":{"line":8,"column":66}},"2":{"start":{"line":10,"column":0},"end":{"line":11,"column":null}},"3":{"start":{"line":11,"column":2},"end":{"line":11,"column":null}}},"fnMap":{},"branchMap":{"0":{"loc":{"start":{"line":8,"column":22},"end":{"line":8,"column":66}},"type":"binary-expr","locations":[{"start":{"line":8,"column":22},"end":{"line":8,"column":48}},{"start":{"line":8,"column":48},"end":{"line":8,"column":66}}],"line":8},"1":{"loc":{"start":{"line":10,"column":0},"end":{"line":11,"column":null}},"type":"if","locations":[{"start":{"line":10,"column":0},"end":{"line":11,"column":null}},{"start":{},"end":{}}],"line":10}},"s":{"0":3,"1":3,"2":3,"3":3},"f":{},"b":{"0":[3,3],"1":[3,0]},"meta":{"lastBranch":2,"lastFunction":0,"lastStatement":4,"seen":{"s:4:24:4:Infinity":0,"s:8:22:8:66":1,"b:8:22:8:48:8:48:8:66":0,"b:10:0:11:Infinity:undefined:undefined:undefined:undefined":1,"s:10:0:11:Infinity":2,"s:11:2:11:Infinity":3}}}
,"C:\\web-course\\web-programming-course\\lessons\\lr8\\quiz-backend\\src\\lib\\prismaMiddleware.ts": {"path":"C:\\web-course\\web-programming-course\\lessons\\lr8\\quiz-backend\\src\\lib\\prismaMiddleware.ts","statementMap":{"0":{"start":{"line":4,"column":3},"end":{"line":12,"column":null}},"1":{"start":{"line":5,"column":18},"end":{"line":5,"column":28}},"2":{"start":{"line":6,"column":19},"end":{"line":6,"column":37}},"3":{"start":{"line":7,"column":21},"end":{"line":7,"column":null}},"4":{"start":{"line":8,"column":4},"end":{"line":9,"column":null}},"5":{"start":{"line":9,"column":6},"end":{"line":9,"column":null}},"6":{"start":{"line":11,"column":4},"end":{"line":11,"column":null}}},"fnMap":{"0":{"name":"addQueryLogging","decl":{"start":{"line":3,"column":16},"end":{"line":3,"column":32}},"loc":{"start":{"line":3,"column":54},"end":{"line":12,"column":null}},"line":3},"1":{"name":"(anonymous_1)","decl":{"start":{"line":4,"column":23},"end":{"line":4,"column":30}},"loc":{"start":{"line":4,"column":83},"end":{"line":12,"column":null}},"line":4}},"branchMap":{"0":{"loc":{"start":{"line":8,"column":4},"end":{"line":9,"column":null}},"type":"if","locations":[{"start":{"line":8,"column":4},"end":{"line":9,"column":null}},{"start":{},"end":{}}],"line":8}},"s":{"0":0,"1":0,"2":0,"3":0,"4":0,"5":0,"6":0},"f":{"0":0,"1":0},"b":{"0":[0,0]},"meta":{"lastBranch":1,"lastFunction":2,"lastStatement":7,"seen":{"f:3:16:3:32":0,"s:4:3:12:Infinity":0,"f:4:23:4:30":1,"s:5:18:5:28":1,"s:6:19:6:37":2,"s:7:21:7:Infinity":3,"b:8:4:9:Infinity:undefined:undefined:undefined:undefined":0,"s:8:4:9:Infinity":4,"s:9:6:9:Infinity":5,"s:11:4:11:Infinity":6}}}
,"C:\\web-course\\web-programming-course\\lessons\\lr8\\quiz-backend\\src\\middleware\\admin.ts": {"path":"C:\\web-course\\web-programming-course\\lessons\\lr8\\quiz-backend\\src\\middleware\\admin.ts","statementMap":{"0":{"start":{"line":5,"column":21},"end":{"line":5,"column":50}},"1":{"start":{"line":6,"column":20},"end":{"line":6,"column":null}},"2":{"start":{"line":7,"column":2},"end":{"line":8,"column":null}},"3":{"start":{"line":8,"column":4},"end":{"line":8,"column":null}},"4":{"start":{"line":11,"column":2},"end":{"line":12,"column":null}},"5":{"start":{"line":12,"column":4},"end":{"line":12,"column":null}},"6":{"start":{"line":15,"column":16},"end":{"line":15,"column":57}},"7":{"start":{"line":16,"column":2},"end":{"line":17,"column":null}},"8":{"start":{"line":17,"column":4},"end":{"line":17,"column":null}},"9":{"start":{"line":21,"column":2},"end":{"line":24,"column":null}},"10":{"start":{"line":22,"column":4},"end":{"line":22,"column":null}},"11":{"start":{"line":24,"column":4},"end":{"line":24,"column":null}},"12":{"start":{"line":27,"column":17},"end":{"line":27,"column":null}},"13":{"start":{"line":28,"column":2},"end":{"line":29,"column":null}},"14":{"start":{"line":29,"column":4},"end":{"line":29,"column":null}},"15":{"start":{"line":32,"column":15},"end":{"line":35,"column":4}},"16":{"start":{"line":37,"column":2},"end":{"line":38,"column":null}},"17":{"start":{"line":38,"column":4},"end":{"line":38,"column":null}},"18":{"start":{"line":41,"column":2},"end":{"line":42,"column":null}},"19":{"start":{"line":42,"column":4},"end":{"line":42,"column":null}},"20":{"start":{"line":45,"column":2},"end":{"line":45,"column":null}},"21":{"start":{"line":46,"column":2},"end":{"line":46,"column":null}},"22":{"start":{"line":47,"column":2},"end":{"line":47,"column":null}}},"fnMap":{"0":{"name":"adminMiddleware","decl":{"start":{"line":4,"column":22},"end":{"line":4,"column":38}},"loc":{"start":{"line":4,"column":57},"end":{"line":47,"column":null}},"line":4}},"branchMap":{"0":{"loc":{"start":{"line":7,"column":2},"end":{"line":8,"column":null}},"type":"if","locations":[{"start":{"line":7,"column":2},"end":{"line":8,"column":null}},{"start":{},"end":{}}],"line":7},"1":{"loc":{"start":{"line":11,"column":2},"end":{"line":12,"column":null}},"type":"if","locations":[{"start":{"line":11,"column":2},"end":{"line":12,"column":null}},{"start":{},"end":{}}],"line":11},"2":{"loc":{"start":{"line":16,"column":2},"end":{"line":17,"column":null}},"type":"if","locations":[{"start":{"line":16,"column":2},"end":{"line":17,"column":null}},{"start":{},"end":{}}],"line":16},"3":{"loc":{"start":{"line":28,"column":2},"end":{"line":29,"column":null}},"type":"if","locations":[{"start":{"line":28,"column":2},"end":{"line":29,"column":null}},{"start":{},"end":{}}],"line":28},"4":{"loc":{"start":{"line":37,"column":2},"end":{"line":38,"column":null}},"type":"if","locations":[{"start":{"line":37,"column":2},"end":{"line":38,"column":null}},{"start":{},"end":{}}],"line":37},"5":{"loc":{"start":{"line":41,"column":2},"end":{"line":42,"column":null}},"type":"if","locations":[{"start":{"line":41,"column":2},"end":{"line":42,"column":null}},{"start":{},"end":{}}],"line":41}},"s":{"0":5,"1":5,"2":5,"3":0,"4":5,"5":1,"6":4,"7":4,"8":0,"9":4,"10":4,"11":1,"12":3,"13":3,"14":0,"15":3,"16":3,"17":0,"18":3,"19":1,"20":2,"21":2,"22":2},"f":{"0":5},"b":{"0":[0,5],"1":[1,4],"2":[0,4],"3":[0,3],"4":[0,3],"5":[1,2]},"meta":{"lastBranch":6,"lastFunction":1,"lastStatement":23,"seen":{"f:4:22:4:38":0,"s:5:21:5:50":0,"s:6:20:6:Infinity":1,"b:7:2:8:Infinity:undefined:undefined:undefined:undefined":0,"s:7:2:8:Infinity":2,"s:8:4:8:Infinity":3,"b:11:2:12:Infinity:undefined:undefined:undefined:undefined":1,"s:11:2:12:Infinity":4,"s:12:4:12:Infinity":5,"s:15:16:15:57":6,"b:16:2:17:Infinity:undefined:undefined:undefined:undefined":2,"s:16:2:17:Infinity":7,"s:17:4:17:Infinity":8,"s:21:2:24:Infinity":9,"s:22:4:22:Infinity":10,"s:24:4:24:Infinity":11,"s:27:17:27:Infinity":12,"b:28:2:29:Infinity:undefined:undefined:undefined:undefined":3,"s:28:2:29:Infinity":13,"s:29:4:29:Infinity":14,"s:32:15:35:4":15,"b:37:2:38:Infinity:undefined:undefined:undefined:undefined":4,"s:37:2:38:Infinity":16,"s:38:4:38:Infinity":17,"b:41:2:42:Infinity:undefined:undefined:undefined:undefined":5,"s:41:2:42:Infinity":18,"s:42:4:42:Infinity":19,"s:45:2:45:Infinity":20,"s:46:2:46:Infinity":21,"s:47:2:47:Infinity":22}}}
,"C:\\web-course\\web-programming-course\\lessons\\lr8\\quiz-backend\\src\\routes\\admin.ts": {"path":"C:\\web-course\\web-programming-course\\lessons\\lr8\\quiz-backend\\src\\routes\\admin.ts","statementMap":{"0":{"start":{"line":8,"column":21},"end":{"line":8,"column":31}},"1":{"start":{"line":10,"column":0},"end":{"line":10,"column":null}},"2":{"start":{"line":12,"column":0},"end":{"line":31,"column":null}},"3":{"start":{"line":13,"column":4},"end":{"line":29,"column":null}},"4":{"start":{"line":14,"column":24},"end":{"line":25,"column":8}},"5":{"start":{"line":26,"column":6},"end":{"line":26,"column":null}},"6":{"start":{"line":28,"column":6},"end":{"line":28,"column":null}},"7":{"start":{"line":29,"column":6},"end":{"line":29,"column":null}},"8":{"start":{"line":34,"column":0},"end":{"line":59,"column":null}},"9":{"start":{"line":35,"column":2},"end":{"line":57,"column":null}},"10":{"start":{"line":36,"column":17},"end":{"line":36,"column":35}},"11":{"start":{"line":37,"column":17},"end":{"line":37,"column":43}},"12":{"start":{"line":39,"column":28},"end":{"line":44,"column":null}},"13":{"start":{"line":45,"column":4},"end":{"line":46,"column":null}},"14":{"start":{"line":46,"column":6},"end":{"line":46,"column":null}},"15":{"start":{"line":49,"column":21},"end":{"line":49,"column":71}},"16":{"start":{"line":51,"column":4},"end":{"line":51,"column":null}},"17":{"start":{"line":53,"column":4},"end":{"line":54,"column":null}},"18":{"start":{"line":54,"column":6},"end":{"line":54,"column":null}},"19":{"start":{"line":56,"column":4},"end":{"line":56,"column":null}},"20":{"start":{"line":57,"column":4},"end":{"line":57,"column":null}},"21":{"start":{"line":62,"column":0},"end":{"line":93,"column":null}},"22":{"start":{"line":63,"column":2},"end":{"line":91,"column":null}},"23":{"start":{"line":64,"column":15},"end":{"line":64,"column":32}},"24":{"start":{"line":65,"column":17},"end":{"line":65,"column":35}},"25":{"start":{"line":66,"column":17},"end":{"line":66,"column":53}},"26":{"start":{"line":68,"column":28},"end":{"line":68,"column":30}},"27":{"start":{"line":69,"column":4},"end":{"line":69,"column":null}},"28":{"start":{"line":69,"column":33},"end":{"line":69,"column":null}},"29":{"start":{"line":70,"column":4},"end":{"line":70,"column":null}},"30":{"start":{"line":70,"column":33},"end":{"line":70,"column":null}},"31":{"start":{"line":71,"column":4},"end":{"line":71,"column":null}},"32":{"start":{"line":71,"column":39},"end":{"line":71,"column":null}},"33":{"start":{"line":72,"column":4},"end":{"line":72,"column":null}},"34":{"start":{"line":72,"column":35},"end":{"line":72,"column":null}},"35":{"start":{"line":73,"column":4},"end":{"line":74,"column":null}},"36":{"start":{"line":74,"column":6},"end":{"line":74,"column":null}},"37":{"start":{"line":77,"column":21},"end":{"line":80,"column":6}},"38":{"start":{"line":82,"column":4},"end":{"line":82,"column":null}},"39":{"start":{"line":84,"column":4},"end":{"line":85,"column":null}},"40":{"start":{"line":85,"column":6},"end":{"line":85,"column":null}},"41":{"start":{"line":87,"column":4},"end":{"line":88,"column":null}},"42":{"start":{"line":88,"column":6},"end":{"line":88,"column":null}},"43":{"start":{"line":90,"column":4},"end":{"line":90,"column":null}},"44":{"start":{"line":91,"column":4},"end":{"line":91,"column":null}},"45":{"start":{"line":96,"column":0},"end":{"line":139,"column":null}},"46":{"start":{"line":97,"column":4},"end":{"line":137,"column":null}},"47":{"start":{"line":98,"column":19},"end":{"line":98,"column":55}},"48":{"start":{"line":99,"column":20},"end":{"line":99,"column":58}},"49":{"start":{"line":100,"column":12},"end":{"line":100,"column":null}},"50":{"start":{"line":102,"column":20},"end":{"line":106,"column":null}},"51":{"start":{"line":108,"column":31},"end":{"line":124,"column":8}},"52":{"start":{"line":126,"column":6},"end":{"line":134,"column":null}},"53":{"start":{"line":136,"column":6},"end":{"line":136,"column":null}},"54":{"start":{"line":137,"column":6},"end":{"line":137,"column":null}},"55":{"start":{"line":142,"column":0},"end":{"line":202,"column":null}},"56":{"start":{"line":143,"column":2},"end":{"line":200,"column":null}},"57":{"start":{"line":144,"column":21},"end":{"line":144,"column":38}},"58":{"start":{"line":145,"column":17},"end":{"line":145,"column":35}},"59":{"start":{"line":146,"column":23},"end":{"line":146,"column":46}},"60":{"start":{"line":148,"column":19},"end":{"line":154,"column":6}},"61":{"start":{"line":156,"column":4},"end":{"line":157,"column":null}},"62":{"start":{"line":157,"column":6},"end":{"line":157,"column":null}},"63":{"start":{"line":159,"column":4},"end":{"line":160,"column":null}},"64":{"start":{"line":160,"column":6},"end":{"line":160,"column":null}},"65":{"start":{"line":163,"column":22},"end":{"line":163,"column":null}},"66":{"start":{"line":164,"column":23},"end":{"line":164,"column":60}},"67":{"start":{"line":164,"column":49},"end":{"line":164,"column":58}},"68":{"start":{"line":165,"column":23},"end":{"line":165,"column":54}},"69":{"start":{"line":167,"column":26},"end":{"line":192,"column":null}},"70":{"start":{"line":168,"column":18},"end":{"line":171,"column":8}},"71":{"start":{"line":173,"column":24},"end":{"line":173,"column":null}},"72":{"start":{"line":174,"column":29},"end":{"line":179,"column":8}},"73":{"start":{"line":181,"column":24},"end":{"line":181,"column":67}},"74":{"start":{"line":181,"column":50},"end":{"line":181,"column":67}},"75":{"start":{"line":182,"column":6},"end":{"line":188,"column":null}},"76":{"start":{"line":183,"column":27},"end":{"line":183,"column":77}},"77":{"start":{"line":184,"column":27},"end":{"line":184,"column":81}},"78":{"start":{"line":184,"column":57},"end":{"line":184,"column":79}},"79":{"start":{"line":185,"column":8},"end":{"line":188,"column":null}},"80":{"start":{"line":191,"column":6},"end":{"line":191,"column":null}},"81":{"start":{"line":194,"column":4},"end":{"line":194,"column":null}},"82":{"start":{"line":196,"column":4},"end":{"line":197,"column":null}},"83":{"start":{"line":197,"column":6},"end":{"line":197,"column":null}},"84":{"start":{"line":199,"column":4},"end":{"line":199,"column":null}},"85":{"start":{"line":200,"column":4},"end":{"line":200,"column":null}},"86":{"start":{"line":205,"column":0},"end":{"line":225,"column":null}},"87":{"start":{"line":206,"column":2},"end":{"line":223,"column":null}},"88":{"start":{"line":207,"column":19},"end":{"line":207,"column":40}},"89":{"start":{"line":208,"column":21},"end":{"line":211,"column":6}},"90":{"start":{"line":213,"column":4},"end":{"line":214,"column":null}},"91":{"start":{"line":214,"column":6},"end":{"line":214,"column":null}},"92":{"start":{"line":217,"column":23},"end":{"line":217,"column":75}},"93":{"start":{"line":217,"column":51},"end":{"line":217,"column":73}},"94":{"start":{"line":218,"column":25},"end":{"line":218,"column":null}},"95":{"start":{"line":220,"column":4},"end":{"line":220,"column":null}},"96":{"start":{"line":222,"column":4},"end":{"line":222,"column":null}},"97":{"start":{"line":223,"column":4},"end":{"line":223,"column":null}},"98":{"start":{"line":227,"column":0},"end":{"line":242,"column":null}},"99":{"start":{"line":228,"column":4},"end":{"line":240,"column":null}},"100":{"start":{"line":229,"column":19},"end":{"line":229,"column":37}},"101":{"start":{"line":230,"column":28},"end":{"line":230,"column":63}},"102":{"start":{"line":231,"column":21},"end":{"line":233,"column":8}},"103":{"start":{"line":234,"column":6},"end":{"line":234,"column":null}},"104":{"start":{"line":236,"column":6},"end":{"line":237,"column":null}},"105":{"start":{"line":237,"column":8},"end":{"line":237,"column":null}},"106":{"start":{"line":239,"column":6},"end":{"line":239,"column":null}},"107":{"start":{"line":240,"column":6},"end":{"line":240,"column":null}}},"fnMap":{"0":{"name":"(anonymous_0)","decl":{"start":{"line":12,"column":24},"end":{"line":12,"column":31}},"loc":{"start":{"line":12,"column":37},"end":{"line":31,"column":null}},"line":12},"1":{"name":"(anonymous_1)","decl":{"start":{"line":34,"column":25},"end":{"line":34,"column":32}},"loc":{"start":{"line":34,"column":38},"end":{"line":59,"column":null}},"line":34},"2":{"name":"(anonymous_2)","decl":{"start":{"line":62,"column":28},"end":{"line":62,"column":35}},"loc":{"start":{"line":62,"column":41},"end":{"line":93,"column":null}},"line":62},"3":{"name":"(anonymous_3)","decl":{"start":{"line":96,"column":30},"end":{"line":96,"column":37}},"loc":{"start":{"line":96,"column":43},"end":{"line":139,"column":null}},"line":96},"4":{"name":"(anonymous_4)","decl":{"start":{"line":142,"column":33},"end":{"line":142,"column":40}},"loc":{"start":{"line":142,"column":46},"end":{"line":202,"column":null}},"line":142},"5":{"name":"(anonymous_5)","decl":{"start":{"line":164,"column":30},"end":{"line":164,"column":38}},"loc":{"start":{"line":164,"column":49},"end":{"line":164,"column":58}},"line":164},"6":{"name":"(anonymous_6)","decl":{"start":{"line":167,"column":52},"end":{"line":167,"column":59}},"loc":{"start":{"line":167,"column":66},"end":{"line":192,"column":null}},"line":167},"7":{"name":"(anonymous_7)","decl":{"start":{"line":181,"column":39},"end":{"line":181,"column":45}},"loc":{"start":{"line":181,"column":50},"end":{"line":181,"column":67}},"line":181},"8":{"name":"(anonymous_8)","decl":{"start":{"line":184,"column":38},"end":{"line":184,"column":46}},"loc":{"start":{"line":184,"column":57},"end":{"line":184,"column":79}},"line":184},"9":{"name":"(anonymous_9)","decl":{"start":{"line":205,"column":37},"end":{"line":205,"column":44}},"loc":{"start":{"line":205,"column":50},"end":{"line":225,"column":null}},"line":205},"10":{"name":"(anonymous_10)","decl":{"start":{"line":217,"column":32},"end":{"line":217,"column":40}},"loc":{"start":{"line":217,"column":51},"end":{"line":217,"column":73}},"line":217},"11":{"name":"(anonymous_11)","decl":{"start":{"line":227,"column":31},"end":{"line":227,"column":38}},"loc":{"start":{"line":227,"column":44},"end":{"line":242,"column":null}},"line":227}},"branchMap":{"0":{"loc":{"start":{"line":45,"column":4},"end":{"line":46,"column":null}},"type":"if","locations":[{"start":{"line":45,"column":4},"end":{"line":46,"column":null}},{"start":{},"end":{}}],"line":45},"1":{"loc":{"start":{"line":53,"column":4},"end":{"line":54,"column":null}},"type":"if","locations":[{"start":{"line":53,"column":4},"end":{"line":54,"column":null}},{"start":{},"end":{}}],"line":53},"2":{"loc":{"start":{"line":69,"column":4},"end":{"line":69,"column":null}},"type":"if","locations":[{"start":{"line":69,"column":4},"end":{"line":69,"column":null}},{"start":{},"end":{}}],"line":69},"3":{"loc":{"start":{"line":70,"column":4},"end":{"line":70,"column":null}},"type":"if","locations":[{"start":{"line":70,"column":4},"end":{"line":70,"column":null}},{"start":{},"end":{}}],"line":70},"4":{"loc":{"start":{"line":71,"column":4},"end":{"line":71,"column":null}},"type":"if","locations":[{"start":{"line":71,"column":4},"end":{"line":71,"column":null}},{"start":{},"end":{}}],"line":71},"5":{"loc":{"start":{"line":72,"column":4},"end":{"line":72,"column":null}},"type":"if","locations":[{"start":{"line":72,"column":4},"end":{"line":72,"column":null}},{"start":{},"end":{}}],"line":72},"6":{"loc":{"start":{"line":73,"column":4},"end":{"line":74,"column":null}},"type":"if","locations":[{"start":{"line":73,"column":4},"end":{"line":74,"column":null}},{"start":{},"end":{}}],"line":73},"7":{"loc":{"start":{"line":84,"column":4},"end":{"line":85,"column":null}},"type":"if","locations":[{"start":{"line":84,"column":4},"end":{"line":85,"column":null}},{"start":{},"end":{}}],"line":84},"8":{"loc":{"start":{"line":87,"column":4},"end":{"line":88,"column":null}},"type":"if","locations":[{"start":{"line":87,"column":4},"end":{"line":88,"column":null}},{"start":{},"end":{}}],"line":87},"9":{"loc":{"start":{"line":87,"column":8},"end":{"line":87,"column":89}},"type":"binary-expr","locations":[{"start":{"line":87,"column":8},"end":{"line":87,"column":65}},{"start":{"line":87,"column":65},"end":{"line":87,"column":89}}],"line":87},"10":{"loc":{"start":{"line":98,"column":28},"end":{"line":98,"column":55}},"type":"binary-expr","locations":[{"start":{"line":98,"column":28},"end":{"line":98,"column":47}},{"start":{"line":98,"column":51},"end":{"line":98,"column":55}}],"line":98},"11":{"loc":{"start":{"line":99,"column":29},"end":{"line":99,"column":58}},"type":"binary-expr","locations":[{"start":{"line":99,"column":29},"end":{"line":99,"column":49}},{"start":{"line":99,"column":53},"end":{"line":99,"column":58}}],"line":99},"12":{"loc":{"start":{"line":156,"column":4},"end":{"line":157,"column":null}},"type":"if","locations":[{"start":{"line":156,"column":4},"end":{"line":157,"column":null}},{"start":{},"end":{}}],"line":156},"13":{"loc":{"start":{"line":159,"column":4},"end":{"line":160,"column":null}},"type":"if","locations":[{"start":{"line":159,"column":4},"end":{"line":160,"column":null}},{"start":{},"end":{}}],"line":159},"14":{"loc":{"start":{"line":182,"column":6},"end":{"line":188,"column":null}},"type":"if","locations":[{"start":{"line":182,"column":6},"end":{"line":188,"column":null}},{"start":{},"end":{}}],"line":182},"15":{"loc":{"start":{"line":184,"column":64},"end":{"line":184,"column":79}},"type":"binary-expr","locations":[{"start":{"line":184,"column":64},"end":{"line":184,"column":75}},{"start":{"line":184,"column":75},"end":{"line":184,"column":79}}],"line":184},"16":{"loc":{"start":{"line":196,"column":4},"end":{"line":197,"column":null}},"type":"if","locations":[{"start":{"line":196,"column":4},"end":{"line":197,"column":null}},{"start":{},"end":{}}],"line":196},"17":{"loc":{"start":{"line":213,"column":4},"end":{"line":214,"column":null}},"type":"if","locations":[{"start":{"line":213,"column":4},"end":{"line":214,"column":null}},{"start":{},"end":{}}],"line":213},"18":{"loc":{"start":{"line":217,"column":58},"end":{"line":217,"column":73}},"type":"binary-expr","locations":[{"start":{"line":217,"column":58},"end":{"line":217,"column":69}},{"start":{"line":217,"column":69},"end":{"line":217,"column":73}}],"line":217},"19":{"loc":{"start":{"line":236,"column":6},"end":{"line":237,"column":null}},"type":"if","locations":[{"start":{"line":236,"column":6},"end":{"line":237,"column":null}},{"start":{},"end":{}}],"line":236}},"s":{"0":1,"1":1,"2":1,"3":1,"4":1,"5":1,"6":0,"7":0,"8":1,"9":1,"10":1,"11":1,"12":1,"13":1,"14":0,"15":0,"16":0,"17":1,"18":1,"19":0,"20":0,"21":1,"22":0,"23":0,"24":0,"25":0,"26":0,"27":0,"28":0,"29":0,"30":0,"31":0,"32":0,"33":0,"34":0,"35":0,"36":0,"37":0,"38":0,"39":0,"40":0,"41":0,"42":0,"43":0,"44":0,"45":1,"46":0,"47":0,"48":0,"49":0,"50":0,"51":0,"52":0,"53":0,"54":0,"55":1,"56":0,"57":0,"58":0,"59":0,"60":0,"61":0,"62":0,"63":0,"64":0,"65":0,"66":0,"67":0,"68":0,"69":0,"70":0,"71":0,"72":0,"73":0,"74":0,"75":0,"76":0,"77":0,"78":0,"79":0,"80":0,"81":0,"82":0,"83":0,"84":0,"85":0,"86":1,"87":0,"88":0,"89":0,"90":0,"91":0,"92":0,"93":0,"94":0,"95":0,"96":0,"97":0,"98":1,"99":0,"100":0,"101":0,"102":0,"103":0,"104":0,"105":0,"106":0,"107":0},"f":{"0":1,"1":1,"2":0,"3":0,"4":0,"5":0,"6":0,"7":0,"8":0,"9":0,"10":0,"11":0},"b":{"0":[0,1],"1":[1,0],"2":[0,0],"3":[0,0],"4":[0,0],"5":[0,0],"6":[0,0],"7":[0,0],"8":[0,0],"9":[0,0],"10":[0,0],"11":[0,0],"12":[0,0],"13":[0,0],"14":[0,0],"15":[0,0],"16":[0,0],"17":[0,0],"18":[0,0],"19":[0,0]},"meta":{"lastBranch":20,"lastFunction":12,"lastStatement":108,"seen":{"s:8:21:8:31":0,"s:10:0:10:Infinity":1,"s:12:0:31:Infinity":2,"f:12:24:12:31":0,"s:13:4:29:Infinity":3,"s:14:24:25:8":4,"s:26:6:26:Infinity":5,"s:28:6:28:Infinity":6,"s:29:6:29:Infinity":7,"s:34:0:59:Infinity":8,"f:34:25:34:32":1,"s:35:2:57:Infinity":9,"s:36:17:36:35":10,"s:37:17:37:43":11,"s:39:28:44:Infinity":12,"b:45:4:46:Infinity:undefined:undefined:undefined:undefined":0,"s:45:4:46:Infinity":13,"s:46:6:46:Infinity":14,"s:49:21:49:71":15,"s:51:4:51:Infinity":16,"b:53:4:54:Infinity:undefined:undefined:undefined:undefined":1,"s:53:4:54:Infinity":17,"s:54:6:54:Infinity":18,"s:56:4:56:Infinity":19,"s:57:4:57:Infinity":20,"s:62:0:93:Infinity":21,"f:62:28:62:35":2,"s:63:2:91:Infinity":22,"s:64:15:64:32":23,"s:65:17:65:35":24,"s:66:17:66:53":25,"s:68:28:68:30":26,"b:69:4:69:Infinity:undefined:undefined:undefined:undefined":2,"s:69:4:69:Infinity":27,"s:69:33:69:Infinity":28,"b:70:4:70:Infinity:undefined:undefined:undefined:undefined":3,"s:70:4:70:Infinity":29,"s:70:33:70:Infinity":30,"b:71:4:71:Infinity:undefined:undefined:undefined:undefined":4,"s:71:4:71:Infinity":31,"s:71:39:71:Infinity":32,"b:72:4:72:Infinity:undefined:undefined:undefined:undefined":5,"s:72:4:72:Infinity":33,"s:72:35:72:Infinity":34,"b:73:4:74:Infinity:undefined:undefined:undefined:undefined":6,"s:73:4:74:Infinity":35,"s:74:6:74:Infinity":36,"s:77:21:80:6":37,"s:82:4:82:Infinity":38,"b:84:4:85:Infinity:undefined:undefined:undefined:undefined":7,"s:84:4:85:Infinity":39,"s:85:6:85:Infinity":40,"b:87:4:88:Infinity:undefined:undefined:undefined:undefined":8,"s:87:4:88:Infinity":41,"b:87:8:87:65:87:65:87:89":9,"s:88:6:88:Infinity":42,"s:90:4:90:Infinity":43,"s:91:4:91:Infinity":44,"s:96:0:139:Infinity":45,"f:96:30:96:37":3,"s:97:4:137:Infinity":46,"s:98:19:98:55":47,"b:98:28:98:47:98:51:98:55":10,"s:99:20:99:58":48,"b:99:29:99:49:99:53:99:58":11,"s:100:12:100:Infinity":49,"s:102:20:106:Infinity":50,"s:108:31:124:8":51,"s:126:6:134:Infinity":52,"s:136:6:136:Infinity":53,"s:137:6:137:Infinity":54,"s:142:0:202:Infinity":55,"f:142:33:142:40":4,"s:143:2:200:Infinity":56,"s:144:21:144:38":57,"s:145:17:145:35":58,"s:146:23:146:46":59,"s:148:19:154:6":60,"b:156:4:157:Infinity:undefined:undefined:undefined:undefined":12,"s:156:4:157:Infinity":61,"s:157:6:157:Infinity":62,"b:159:4:160:Infinity:undefined:undefined:undefined:undefined":13,"s:159:4:160:Infinity":63,"s:160:6:160:Infinity":64,"s:163:22:163:Infinity":65,"s:164:23:164:60":66,"f:164:30:164:38":5,"s:164:49:164:58":67,"s:165:23:165:54":68,"s:167:26:192:Infinity":69,"f:167:52:167:59":6,"s:168:18:171:8":70,"s:173:24:173:Infinity":71,"s:174:29:179:8":72,"s:181:24:181:67":73,"f:181:39:181:45":7,"s:181:50:181:67":74,"b:182:6:188:Infinity:undefined:undefined:undefined:undefined":14,"s:182:6:188:Infinity":75,"s:183:27:183:77":76,"s:184:27:184:81":77,"f:184:38:184:46":8,"s:184:57:184:79":78,"b:184:64:184:75:184:75:184:79":15,"s:185:8:188:Infinity":79,"s:191:6:191:Infinity":80,"s:194:4:194:Infinity":81,"b:196:4:197:Infinity:undefined:undefined:undefined:undefined":16,"s:196:4:197:Infinity":82,"s:197:6:197:Infinity":83,"s:199:4:199:Infinity":84,"s:200:4:200:Infinity":85,"s:205:0:225:Infinity":86,"f:205:37:205:44":9,"s:206:2:223:Infinity":87,"s:207:19:207:40":88,"s:208:21:211:6":89,"b:213:4:214:Infinity:undefined:undefined:undefined:undefined":17,"s:213:4:214:Infinity":90,"s:214:6:214:Infinity":91,"s:217:23:217:75":92,"f:217:32:217:40":10,"s:217:51:217:73":93,"b:217:58:217:69:217:69:217:73":18,"s:218:25:218:Infinity":94,"s:220:4:220:Infinity":95,"s:222:4:222:Infinity":96,"s:223:4:223:Infinity":97,"s:227:0:242:Infinity":98,"f:227:31:227:38":11,"s:228:4:240:Infinity":99,"s:229:19:229:37":100,"s:230:28:230:63":101,"s:231:21:233:8":102,"s:234:6:234:Infinity":103,"b:236:6:237:Infinity:undefined:undefined:undefined:undefined":19,"s:236:6:237:Infinity":104,"s:237:8:237:Infinity":105,"s:239:6:239:Infinity":106,"s:240:6:240:Infinity":107}}}
,"C:\\web-course\\web-programming-course\\lessons\\lr8\\quiz-backend\\src\\routes\\auth.ts": {"path":"C:\\web-course\\web-programming-course\\lessons\\lr8\\quiz-backend\\src\\routes\\auth.ts","statementMap":{"0":{"start":{"line":7,"column":13},"end":{"line":7,"column":23}},"1":{"start":{"line":10,"column":0},"end":{"line":90,"column":null}},"2":{"start":{"line":11,"column":2},"end":{"line":88,"column":null}},"3":{"start":{"line":13,"column":17},"end":{"line":13,"column":35}},"4":{"start":{"line":14,"column":4},"end":{"line":14,"column":null}},"5":{"start":{"line":16,"column":23},"end":{"line":16,"column":59}},"6":{"start":{"line":18,"column":4},"end":{"line":22,"column":null}},"7":{"start":{"line":19,"column":6},"end":{"line":22,"column":null}},"8":{"start":{"line":25,"column":21},"end":{"line":25,"column":null}},"9":{"start":{"line":26,"column":4},"end":{"line":26,"column":null}},"10":{"start":{"line":29,"column":23},"end":{"line":29,"column":54}},"11":{"start":{"line":30,"column":4},"end":{"line":30,"column":null}},"12":{"start":{"line":33,"column":21},"end":{"line":37,"column":null}},"13":{"start":{"line":40,"column":17},"end":{"line":47,"column":6}},"14":{"start":{"line":49,"column":4},"end":{"line":49,"column":null}},"15":{"start":{"line":52,"column":20},"end":{"line":57,"column":null}},"16":{"start":{"line":59,"column":19},"end":{"line":59,"column":null}},"17":{"start":{"line":60,"column":18},"end":{"line":60,"column":45}},"18":{"start":{"line":63,"column":4},"end":{"line":72,"column":null}},"19":{"start":{"line":75,"column":4},"end":{"line":75,"column":null}},"20":{"start":{"line":77,"column":4},"end":{"line":82,"column":null}},"21":{"start":{"line":78,"column":22},"end":{"line":78,"column":null}},"22":{"start":{"line":79,"column":6},"end":{"line":82,"column":null}},"23":{"start":{"line":84,"column":4},"end":{"line":88,"column":null}},"24":{"start":{"line":93,"column":0},"end":{"line":142,"column":null}},"25":{"start":{"line":94,"column":2},"end":{"line":140,"column":null}},"26":{"start":{"line":96,"column":23},"end":{"line":96,"column":52}},"27":{"start":{"line":98,"column":4},"end":{"line":103,"column":null}},"28":{"start":{"line":99,"column":6},"end":{"line":103,"column":null}},"29":{"start":{"line":106,"column":18},"end":{"line":106,"column":null}},"30":{"start":{"line":107,"column":19},"end":{"line":107,"column":null}},"31":{"start":{"line":109,"column":20},"end":{"line":109,"column":56}},"32":{"start":{"line":112,"column":17},"end":{"line":114,"column":6}},"33":{"start":{"line":116,"column":4},"end":{"line":120,"column":null}},"34":{"start":{"line":117,"column":6},"end":{"line":120,"column":null}},"35":{"start":{"line":124,"column":4},"end":{"line":132,"column":null}},"36":{"start":{"line":136,"column":4},"end":{"line":140,"column":null}}},"fnMap":{"0":{"name":"(anonymous_0)","decl":{"start":{"line":10,"column":30},"end":{"line":10,"column":37}},"loc":{"start":{"line":10,"column":43},"end":{"line":90,"column":null}},"line":10},"1":{"name":"(anonymous_1)","decl":{"start":{"line":93,"column":16},"end":{"line":93,"column":23}},"loc":{"start":{"line":93,"column":29},"end":{"line":142,"column":null}},"line":93}},"branchMap":{"0":{"loc":{"start":{"line":18,"column":4},"end":{"line":22,"column":null}},"type":"if","locations":[{"start":{"line":18,"column":4},"end":{"line":22,"column":null}},{"start":{},"end":{}}],"line":18},"1":{"loc":{"start":{"line":35,"column":12},"end":{"line":35,"column":null}},"type":"binary-expr","locations":[{"start":{"line":35,"column":12},"end":{"line":35,"column":31}},{"start":{"line":35,"column":31},"end":{"line":35,"column":null}}],"line":35},"2":{"loc":{"start":{"line":36,"column":13},"end":{"line":36,"column":null}},"type":"binary-expr","locations":[{"start":{"line":36,"column":13},"end":{"line":36,"column":33}},{"start":{"line":36,"column":33},"end":{"line":36,"column":null}}],"line":36},"3":{"loc":{"start":{"line":59,"column":19},"end":{"line":59,"column":null}},"type":"binary-expr","locations":[{"start":{"line":59,"column":19},"end":{"line":59,"column":45}},{"start":{"line":59,"column":45},"end":{"line":59,"column":null}}],"line":59},"4":{"loc":{"start":{"line":77,"column":4},"end":{"line":82,"column":null}},"type":"if","locations":[{"start":{"line":77,"column":4},"end":{"line":82,"column":null}},{"start":{},"end":{}}],"line":77},"5":{"loc":{"start":{"line":77,"column":8},"end":{"line":77,"column":57}},"type":"binary-expr","locations":[{"start":{"line":77,"column":8},"end":{"line":77,"column":34}},{"start":{"line":77,"column":34},"end":{"line":77,"column":57}}],"line":77},"6":{"loc":{"start":{"line":82,"column":9},"end":{"line":82,"column":35}},"type":"binary-expr","locations":[{"start":{"line":82,"column":9},"end":{"line":82,"column":31}},{"start":{"line":82,"column":31},"end":{"line":82,"column":35}}],"line":82},"7":{"loc":{"start":{"line":87,"column":15},"end":{"line":87,"column":null}},"type":"cond-expr","locations":[{"start":{"line":87,"column":40},"end":{"line":87,"column":56}},{"start":{"line":87,"column":56},"end":{"line":87,"column":null}}],"line":87},"8":{"loc":{"start":{"line":98,"column":4},"end":{"line":103,"column":null}},"type":"if","locations":[{"start":{"line":98,"column":4},"end":{"line":103,"column":null}},{"start":{},"end":{}}],"line":98},"9":{"loc":{"start":{"line":98,"column":8},"end":{"line":98,"column":56}},"type":"binary-expr","locations":[{"start":{"line":98,"column":8},"end":{"line":98,"column":23}},{"start":{"line":98,"column":23},"end":{"line":98,"column":56}}],"line":98},"10":{"loc":{"start":{"line":107,"column":19},"end":{"line":107,"column":null}},"type":"binary-expr","locations":[{"start":{"line":107,"column":19},"end":{"line":107,"column":45}},{"start":{"line":107,"column":45},"end":{"line":107,"column":null}}],"line":107},"11":{"loc":{"start":{"line":116,"column":4},"end":{"line":120,"column":null}},"type":"if","locations":[{"start":{"line":116,"column":4},"end":{"line":120,"column":null}},{"start":{},"end":{}}],"line":116}},"s":{"0":3,"1":3,"2":6,"3":6,"4":6,"5":6,"6":6,"7":1,"8":5,"9":5,"10":5,"11":5,"12":5,"13":6,"14":5,"15":5,"16":5,"17":6,"18":5,"19":0,"20":0,"21":0,"22":0,"23":0,"24":3,"25":3,"26":3,"27":3,"28":1,"29":2,"30":2,"31":3,"32":1,"33":1,"34":0,"35":1,"36":1},"f":{"0":6,"1":3},"b":{"0":[1,5],"1":[5,0],"2":[6,0],"3":[5,0],"4":[0,0],"5":[0,0],"6":[0,0],"7":[0,0],"8":[1,2],"9":[3,2],"10":[2,0],"11":[0,1]},"meta":{"lastBranch":12,"lastFunction":2,"lastStatement":37,"seen":{"s:7:13:7:23":0,"s:10:0:90:Infinity":1,"f:10:30:10:37":0,"s:11:2:88:Infinity":2,"s:13:17:13:35":3,"s:14:4:14:Infinity":4,"s:16:23:16:59":5,"b:18:4:22:Infinity:undefined:undefined:undefined:undefined":0,"s:18:4:22:Infinity":6,"s:19:6:22:Infinity":7,"s:25:21:25:Infinity":8,"s:26:4:26:Infinity":9,"s:29:23:29:54":10,"s:30:4:30:Infinity":11,"s:33:21:37:Infinity":12,"b:35:12:35:31:35:31:35:Infinity":1,"b:36:13:36:33:36:33:36:Infinity":2,"s:40:17:47:6":13,"s:49:4:49:Infinity":14,"s:52:20:57:Infinity":15,"s:59:19:59:Infinity":16,"b:59:19:59:45:59:45:59:Infinity":3,"s:60:18:60:45":17,"s:63:4:72:Infinity":18,"s:75:4:75:Infinity":19,"b:77:4:82:Infinity:undefined:undefined:undefined:undefined":4,"s:77:4:82:Infinity":20,"b:77:8:77:34:77:34:77:57":5,"s:78:22:78:Infinity":21,"s:79:6:82:Infinity":22,"b:82:9:82:31:82:31:82:35":6,"s:84:4:88:Infinity":23,"b:87:40:87:56:87:56:87:Infinity":7,"s:93:0:142:Infinity":24,"f:93:16:93:23":1,"s:94:2:140:Infinity":25,"s:96:23:96:52":26,"b:98:4:103:Infinity:undefined:undefined:undefined:undefined":8,"s:98:4:103:Infinity":27,"b:98:8:98:23:98:23:98:56":9,"s:99:6:103:Infinity":28,"s:106:18:106:Infinity":29,"s:107:19:107:Infinity":30,"b:107:19:107:45:107:45:107:Infinity":10,"s:109:20:109:56":31,"s:112:17:114:6":32,"b:116:4:120:Infinity:undefined:undefined:undefined:undefined":11,"s:116:4:120:Infinity":33,"s:117:6:120:Infinity":34,"s:124:4:132:Infinity":35,"s:136:4:140:Infinity":36}}}
,"C:\\web-course\\web-programming-course\\lessons\\lr8\\quiz-backend\\src\\routes\\sessions.ts": {"path":"C:\\web-course\\web-programming-course\\lessons\\lr8\\quiz-backend\\src\\routes\\sessions.ts","statementMap":{"0":{"start":{"line":8,"column":24},"end":{"line":8,"column":34}},"1":{"start":{"line":19,"column":4},"end":{"line":19,"column":null}},"2":{"start":{"line":17,"column":20},"end":{"line":17,"column":null}},"3":{"start":{"line":20,"column":4},"end":{"line":20,"column":null}},"4":{"start":{"line":25,"column":20},"end":{"line":25,"column":null}},"5":{"start":{"line":26,"column":2},"end":{"line":27,"column":null}},"6":{"start":{"line":27,"column":4},"end":{"line":27,"column":null}},"7":{"start":{"line":30,"column":2},"end":{"line":31,"column":null}},"8":{"start":{"line":31,"column":4},"end":{"line":31,"column":null}},"9":{"start":{"line":34,"column":16},"end":{"line":34,"column":60}},"10":{"start":{"line":35,"column":2},"end":{"line":36,"column":null}},"11":{"start":{"line":36,"column":4},"end":{"line":36,"column":null}},"12":{"start":{"line":40,"column":2},"end":{"line":43,"column":null}},"13":{"start":{"line":41,"column":4},"end":{"line":41,"column":null}},"14":{"start":{"line":43,"column":4},"end":{"line":43,"column":null}},"15":{"start":{"line":47,"column":17},"end":{"line":47,"column":null}},"16":{"start":{"line":48,"column":2},"end":{"line":49,"column":null}},"17":{"start":{"line":49,"column":4},"end":{"line":49,"column":null}},"18":{"start":{"line":52,"column":2},"end":{"line":52,"column":null}},"19":{"start":{"line":56,"column":0},"end":{"line":85,"column":null}},"20":{"start":{"line":57,"column":2},"end":{"line":83,"column":null}},"21":{"start":{"line":58,"column":26},"end":{"line":58,"column":55}},"22":{"start":{"line":59,"column":28},"end":{"line":59,"column":60}},"23":{"start":{"line":62,"column":20},"end":{"line":62,"column":22}},"24":{"start":{"line":63,"column":4},"end":{"line":65,"column":null}},"25":{"start":{"line":64,"column":6},"end":{"line":64,"column":null}},"26":{"start":{"line":69,"column":53},"end":{"line":69,"column":null}},"27":{"start":{"line":72,"column":24},"end":{"line":72,"column":95}},"28":{"start":{"line":74,"column":4},"end":{"line":74,"column":null}},"29":{"start":{"line":76,"column":4},"end":{"line":77,"column":null}},"30":{"start":{"line":77,"column":6},"end":{"line":77,"column":null}},"31":{"start":{"line":79,"column":4},"end":{"line":80,"column":null}},"32":{"start":{"line":80,"column":6},"end":{"line":80,"column":null}},"33":{"start":{"line":82,"column":4},"end":{"line":82,"column":null}},"34":{"start":{"line":83,"column":4},"end":{"line":83,"column":null}},"35":{"start":{"line":87,"column":0},"end":{"line":130,"column":null}},"36":{"start":{"line":88,"column":2},"end":{"line":128,"column":null}},"37":{"start":{"line":89,"column":26},"end":{"line":89,"column":55}},"38":{"start":{"line":90,"column":28},"end":{"line":90,"column":60}},"39":{"start":{"line":92,"column":19},"end":{"line":92,"column":60}},"40":{"start":{"line":94,"column":20},"end":{"line":97,"column":6}},"41":{"start":{"line":99,"column":4},"end":{"line":100,"column":null}},"42":{"start":{"line":100,"column":6},"end":{"line":100,"column":null}},"43":{"start":{"line":102,"column":4},"end":{"line":103,"column":null}},"44":{"start":{"line":103,"column":6},"end":{"line":103,"column":null}},"45":{"start":{"line":106,"column":17},"end":{"line":106,"column":35}},"46":{"start":{"line":107,"column":17},"end":{"line":110,"column":6}},"47":{"start":{"line":112,"column":19},"end":{"line":112,"column":90}},"48":{"start":{"line":114,"column":4},"end":{"line":114,"column":null}},"49":{"start":{"line":116,"column":4},"end":{"line":117,"column":null}},"50":{"start":{"line":117,"column":6},"end":{"line":117,"column":null}},"51":{"start":{"line":119,"column":4},"end":{"line":120,"column":null}},"52":{"start":{"line":120,"column":6},"end":{"line":120,"column":null}},"53":{"start":{"line":122,"column":4},"end":{"line":123,"column":null}},"54":{"start":{"line":123,"column":6},"end":{"line":123,"column":null}},"55":{"start":{"line":125,"column":4},"end":{"line":126,"column":null}},"56":{"start":{"line":126,"column":6},"end":{"line":126,"column":null}},"57":{"start":{"line":128,"column":4},"end":{"line":128,"column":null}},"58":{"start":{"line":132,"column":0},"end":{"line":170,"column":null}},"59":{"start":{"line":133,"column":2},"end":{"line":168,"column":null}},"60":{"start":{"line":134,"column":26},"end":{"line":134,"column":55}},"61":{"start":{"line":135,"column":28},"end":{"line":135,"column":60}},"62":{"start":{"line":137,"column":19},"end":{"line":137,"column":60}},"63":{"start":{"line":139,"column":20},"end":{"line":148,"column":6}},"64":{"start":{"line":150,"column":4},"end":{"line":151,"column":null}},"65":{"start":{"line":151,"column":6},"end":{"line":151,"column":null}},"66":{"start":{"line":153,"column":4},"end":{"line":154,"column":null}},"67":{"start":{"line":154,"column":6},"end":{"line":154,"column":null}},"68":{"start":{"line":157,"column":4},"end":{"line":157,"column":null}},"69":{"start":{"line":159,"column":4},"end":{"line":160,"column":null}},"70":{"start":{"line":160,"column":6},"end":{"line":160,"column":null}},"71":{"start":{"line":162,"column":4},"end":{"line":163,"column":null}},"72":{"start":{"line":163,"column":6},"end":{"line":163,"column":null}},"73":{"start":{"line":165,"column":4},"end":{"line":166,"column":null}},"74":{"start":{"line":166,"column":6},"end":{"line":166,"column":null}},"75":{"start":{"line":168,"column":4},"end":{"line":168,"column":null}},"76":{"start":{"line":172,"column":0},"end":{"line":208,"column":null}},"77":{"start":{"line":173,"column":2},"end":{"line":206,"column":null}},"78":{"start":{"line":174,"column":26},"end":{"line":174,"column":55}},"79":{"start":{"line":175,"column":28},"end":{"line":175,"column":60}},"80":{"start":{"line":177,"column":19},"end":{"line":177,"column":60}},"81":{"start":{"line":179,"column":20},"end":{"line":182,"column":6}},"82":{"start":{"line":184,"column":4},"end":{"line":185,"column":null}},"83":{"start":{"line":185,"column":6},"end":{"line":185,"column":null}},"84":{"start":{"line":187,"column":4},"end":{"line":188,"column":null}},"85":{"start":{"line":188,"column":6},"end":{"line":188,"column":null}},"86":{"start":{"line":191,"column":29},"end":{"line":191,"column":67}},"87":{"start":{"line":192,"column":4},"end":{"line":192,"column":null}},"88":{"start":{"line":194,"column":4},"end":{"line":195,"column":null}},"89":{"start":{"line":195,"column":6},"end":{"line":195,"column":null}},"90":{"start":{"line":197,"column":4},"end":{"line":198,"column":null}},"91":{"start":{"line":198,"column":6},"end":{"line":198,"column":null}},"92":{"start":{"line":200,"column":4},"end":{"line":201,"column":null}},"93":{"start":{"line":201,"column":6},"end":{"line":201,"column":null}},"94":{"start":{"line":203,"column":4},"end":{"line":204,"column":null}},"95":{"start":{"line":204,"column":6},"end":{"line":204,"column":null}},"96":{"start":{"line":206,"column":4},"end":{"line":206,"column":null}}},"fnMap":{"0":{"name":"(anonymous_0)","decl":{"start":{"line":15,"column":2},"end":{"line":15,"column":null}},"loc":{"start":{"line":18,"column":4},"end":{"line":20,"column":null}},"line":18},"1":{"name":"verifyToken","decl":{"start":{"line":24,"column":15},"end":{"line":24,"column":27}},"loc":{"start":{"line":24,"column":83},"end":{"line":52,"column":null}},"line":24},"2":{"name":"(anonymous_2)","decl":{"start":{"line":56,"column":19},"end":{"line":56,"column":26}},"loc":{"start":{"line":56,"column":32},"end":{"line":85,"column":null}},"line":56},"3":{"name":"(anonymous_3)","decl":{"start":{"line":87,"column":30},"end":{"line":87,"column":37}},"loc":{"start":{"line":87,"column":43},"end":{"line":130,"column":null}},"line":87},"4":{"name":"(anonymous_4)","decl":{"start":{"line":132,"column":21},"end":{"line":132,"column":28}},"loc":{"start":{"line":132,"column":34},"end":{"line":170,"column":null}},"line":132},"5":{"name":"(anonymous_5)","decl":{"start":{"line":172,"column":29},"end":{"line":172,"column":36}},"loc":{"start":{"line":172,"column":42},"end":{"line":208,"column":null}},"line":172}},"branchMap":{"0":{"loc":{"start":{"line":26,"column":2},"end":{"line":27,"column":null}},"type":"if","locations":[{"start":{"line":26,"column":2},"end":{"line":27,"column":null}},{"start":{},"end":{}}],"line":26},"1":{"loc":{"start":{"line":30,"column":2},"end":{"line":31,"column":null}},"type":"if","locations":[{"start":{"line":30,"column":2},"end":{"line":31,"column":null}},{"start":{},"end":{}}],"line":30},"2":{"loc":{"start":{"line":35,"column":2},"end":{"line":36,"column":null}},"type":"if","locations":[{"start":{"line":35,"column":2},"end":{"line":36,"column":null}},{"start":{},"end":{}}],"line":35},"3":{"loc":{"start":{"line":47,"column":17},"end":{"line":47,"column":null}},"type":"cond-expr","locations":[{"start":{"line":47,"column":51},"end":{"line":47,"column":65}},{"start":{"line":47,"column":65},"end":{"line":47,"column":null}}],"line":47},"4":{"loc":{"start":{"line":48,"column":2},"end":{"line":49,"column":null}},"type":"if","locations":[{"start":{"line":48,"column":2},"end":{"line":49,"column":null}},{"start":{},"end":{}}],"line":48},"5":{"loc":{"start":{"line":69,"column":12},"end":{"line":69,"column":31}},"type":"default-arg","locations":[{"start":{"line":69,"column":19},"end":{"line":69,"column":31}}],"line":69},"6":{"loc":{"start":{"line":76,"column":4},"end":{"line":77,"column":null}},"type":"if","locations":[{"start":{"line":76,"column":4},"end":{"line":77,"column":null}},{"start":{},"end":{}}],"line":76},"7":{"loc":{"start":{"line":79,"column":4},"end":{"line":80,"column":null}},"type":"if","locations":[{"start":{"line":79,"column":4},"end":{"line":80,"column":null}},{"start":{},"end":{}}],"line":79},"8":{"loc":{"start":{"line":99,"column":4},"end":{"line":100,"column":null}},"type":"if","locations":[{"start":{"line":99,"column":4},"end":{"line":100,"column":null}},{"start":{},"end":{}}],"line":99},"9":{"loc":{"start":{"line":102,"column":4},"end":{"line":103,"column":null}},"type":"if","locations":[{"start":{"line":102,"column":4},"end":{"line":103,"column":null}},{"start":{},"end":{}}],"line":102},"10":{"loc":{"start":{"line":116,"column":4},"end":{"line":117,"column":null}},"type":"if","locations":[{"start":{"line":116,"column":4},"end":{"line":117,"column":null}},{"start":{},"end":{}}],"line":116},"11":{"loc":{"start":{"line":119,"column":4},"end":{"line":120,"column":null}},"type":"if","locations":[{"start":{"line":119,"column":4},"end":{"line":120,"column":null}},{"start":{},"end":{}}],"line":119},"12":{"loc":{"start":{"line":122,"column":4},"end":{"line":123,"column":null}},"type":"if","locations":[{"start":{"line":122,"column":4},"end":{"line":123,"column":null}},{"start":{},"end":{}}],"line":122},"13":{"loc":{"start":{"line":125,"column":4},"end":{"line":126,"column":null}},"type":"if","locations":[{"start":{"line":125,"column":4},"end":{"line":126,"column":null}},{"start":{},"end":{}}],"line":125},"14":{"loc":{"start":{"line":125,"column":8},"end":{"line":125,"column":84}},"type":"binary-expr","locations":[{"start":{"line":125,"column":8},"end":{"line":125,"column":34}},{"start":{"line":125,"column":34},"end":{"line":125,"column":84}}],"line":125},"15":{"loc":{"start":{"line":150,"column":4},"end":{"line":151,"column":null}},"type":"if","locations":[{"start":{"line":150,"column":4},"end":{"line":151,"column":null}},{"start":{},"end":{}}],"line":150},"16":{"loc":{"start":{"line":153,"column":4},"end":{"line":154,"column":null}},"type":"if","locations":[{"start":{"line":153,"column":4},"end":{"line":154,"column":null}},{"start":{},"end":{}}],"line":153},"17":{"loc":{"start":{"line":159,"column":4},"end":{"line":160,"column":null}},"type":"if","locations":[{"start":{"line":159,"column":4},"end":{"line":160,"column":null}},{"start":{},"end":{}}],"line":159},"18":{"loc":{"start":{"line":162,"column":4},"end":{"line":163,"column":null}},"type":"if","locations":[{"start":{"line":162,"column":4},"end":{"line":163,"column":null}},{"start":{},"end":{}}],"line":162},"19":{"loc":{"start":{"line":165,"column":4},"end":{"line":166,"column":null}},"type":"if","locations":[{"start":{"line":165,"column":4},"end":{"line":166,"column":null}},{"start":{},"end":{}}],"line":165},"20":{"loc":{"start":{"line":165,"column":8},"end":{"line":165,"column":84}},"type":"binary-expr","locations":[{"start":{"line":165,"column":8},"end":{"line":165,"column":34}},{"start":{"line":165,"column":34},"end":{"line":165,"column":84}}],"line":165},"21":{"loc":{"start":{"line":184,"column":4},"end":{"line":185,"column":null}},"type":"if","locations":[{"start":{"line":184,"column":4},"end":{"line":185,"column":null}},{"start":{},"end":{}}],"line":184},"22":{"loc":{"start":{"line":187,"column":4},"end":{"line":188,"column":null}},"type":"if","locations":[{"start":{"line":187,"column":4},"end":{"line":188,"column":null}},{"start":{},"end":{}}],"line":187},"23":{"loc":{"start":{"line":194,"column":4},"end":{"line":195,"column":null}},"type":"if","locations":[{"start":{"line":194,"column":4},"end":{"line":195,"column":null}},{"start":{},"end":{}}],"line":194},"24":{"loc":{"start":{"line":197,"column":4},"end":{"line":198,"column":null}},"type":"if","locations":[{"start":{"line":197,"column":4},"end":{"line":198,"column":null}},{"start":{},"end":{}}],"line":197},"25":{"loc":{"start":{"line":200,"column":4},"end":{"line":201,"column":null}},"type":"if","locations":[{"start":{"line":200,"column":4},"end":{"line":201,"column":null}},{"start":{},"end":{}}],"line":200},"26":{"loc":{"start":{"line":203,"column":4},"end":{"line":204,"column":null}},"type":"if","locations":[{"start":{"line":203,"column":4},"end":{"line":204,"column":null}},{"start":{},"end":{}}],"line":203},"27":{"loc":{"start":{"line":203,"column":8},"end":{"line":203,"column":84}},"type":"binary-expr","locations":[{"start":{"line":203,"column":8},"end":{"line":203,"column":34}},{"start":{"line":203,"column":34},"end":{"line":203,"column":84}}],"line":203}},"s":{"0":1,"1":3,"2":3,"3":3,"4":12,"5":12,"6":0,"7":12,"8":2,"9":10,"10":10,"11":0,"12":10,"13":10,"14":1,"15":9,"16":12,"17":0,"18":9,"19":1,"20":7,"21":7,"22":7,"23":5,"24":5,"25":5,"26":5,"27":5,"28":5,"29":2,"30":2,"31":0,"32":0,"33":0,"34":0,"35":1,"36":4,"37":4,"38":4,"39":3,"40":3,"41":3,"42":0,"43":3,"44":0,"45":3,"46":3,"47":3,"48":2,"49":2,"50":1,"51":1,"52":1,"53":0,"54":0,"55":0,"56":0,"57":0,"58":1,"59":0,"60":0,"61":0,"62":0,"63":0,"64":0,"65":0,"66":0,"67":0,"68":0,"69":0,"70":0,"71":0,"72":0,"73":0,"74":0,"75":0,"76":1,"77":1,"78":1,"79":1,"80":1,"81":1,"82":1,"83":0,"84":1,"85":0,"86":1,"87":1,"88":0,"89":0,"90":0,"91":0,"92":0,"93":0,"94":0,"95":0,"96":0},"f":{"0":3,"1":12,"2":7,"3":4,"4":0,"5":1},"b":{"0":[0,12],"1":[2,10],"2":[0,10],"3":[9,0],"4":[0,12],"5":[5],"6":[2,0],"7":[0,0],"8":[0,3],"9":[0,3],"10":[1,1],"11":[1,0],"12":[0,0],"13":[0,0],"14":[0,0],"15":[0,0],"16":[0,0],"17":[0,0],"18":[0,0],"19":[0,0],"20":[0,0],"21":[0,1],"22":[0,1],"23":[0,0],"24":[0,0],"25":[0,0],"26":[0,0],"27":[0,0]},"meta":{"lastBranch":28,"lastFunction":6,"lastStatement":97,"seen":{"s:8:24:8:34":0,"f:15:2:15:Infinity":0,"s:19:4:19:Infinity":1,"s:17:20:17:Infinity":2,"s:20:4:20:Infinity":3,"f:24:15:24:27":1,"s:25:20:25:Infinity":4,"b:26:2:27:Infinity:undefined:undefined:undefined:undefined":0,"s:26:2:27:Infinity":5,"s:27:4:27:Infinity":6,"b:30:2:31:Infinity:undefined:undefined:undefined:undefined":1,"s:30:2:31:Infinity":7,"s:31:4:31:Infinity":8,"s:34:16:34:60":9,"b:35:2:36:Infinity:undefined:undefined:undefined:undefined":2,"s:35:2:36:Infinity":10,"s:36:4:36:Infinity":11,"s:40:2:43:Infinity":12,"s:41:4:41:Infinity":13,"s:43:4:43:Infinity":14,"s:47:17:47:Infinity":15,"b:47:51:47:65:47:65:47:Infinity":3,"b:48:2:49:Infinity:undefined:undefined:undefined:undefined":4,"s:48:2:49:Infinity":16,"s:49:4:49:Infinity":17,"s:52:2:52:Infinity":18,"s:56:0:85:Infinity":19,"f:56:19:56:26":2,"s:57:2:83:Infinity":20,"s:58:26:58:55":21,"s:59:28:59:60":22,"s:62:20:62:22":23,"s:63:4:65:Infinity":24,"s:64:6:64:Infinity":25,"s:69:53:69:Infinity":26,"b:69:19:69:31":5,"s:72:24:72:95":27,"s:74:4:74:Infinity":28,"b:76:4:77:Infinity:undefined:undefined:undefined:undefined":6,"s:76:4:77:Infinity":29,"s:77:6:77:Infinity":30,"b:79:4:80:Infinity:undefined:undefined:undefined:undefined":7,"s:79:4:80:Infinity":31,"s:80:6:80:Infinity":32,"s:82:4:82:Infinity":33,"s:83:4:83:Infinity":34,"s:87:0:130:Infinity":35,"f:87:30:87:37":3,"s:88:2:128:Infinity":36,"s:89:26:89:55":37,"s:90:28:90:60":38,"s:92:19:92:60":39,"s:94:20:97:6":40,"b:99:4:100:Infinity:undefined:undefined:undefined:undefined":8,"s:99:4:100:Infinity":41,"s:100:6:100:Infinity":42,"b:102:4:103:Infinity:undefined:undefined:undefined:undefined":9,"s:102:4:103:Infinity":43,"s:103:6:103:Infinity":44,"s:106:17:106:35":45,"s:107:17:110:6":46,"s:112:19:112:90":47,"s:114:4:114:Infinity":48,"b:116:4:117:Infinity:undefined:undefined:undefined:undefined":10,"s:116:4:117:Infinity":49,"s:117:6:117:Infinity":50,"b:119:4:120:Infinity:undefined:undefined:undefined:undefined":11,"s:119:4:120:Infinity":51,"s:120:6:120:Infinity":52,"b:122:4:123:Infinity:undefined:undefined:undefined:undefined":12,"s:122:4:123:Infinity":53,"s:123:6:123:Infinity":54,"b:125:4:126:Infinity:undefined:undefined:undefined:undefined":13,"s:125:4:126:Infinity":55,"b:125:8:125:34:125:34:125:84":14,"s:126:6:126:Infinity":56,"s:128:4:128:Infinity":57,"s:132:0:170:Infinity":58,"f:132:21:132:28":4,"s:133:2:168:Infinity":59,"s:134:26:134:55":60,"s:135:28:135:60":61,"s:137:19:137:60":62,"s:139:20:148:6":63,"b:150:4:151:Infinity:undefined:undefined:undefined:undefined":15,"s:150:4:151:Infinity":64,"s:151:6:151:Infinity":65,"b:153:4:154:Infinity:undefined:undefined:undefined:undefined":16,"s:153:4:154:Infinity":66,"s:154:6:154:Infinity":67,"s:157:4:157:Infinity":68,"b:159:4:160:Infinity:undefined:undefined:undefined:undefined":17,"s:159:4:160:Infinity":69,"s:160:6:160:Infinity":70,"b:162:4:163:Infinity:undefined:undefined:undefined:undefined":18,"s:162:4:163:Infinity":71,"s:163:6:163:Infinity":72,"b:165:4:166:Infinity:undefined:undefined:undefined:undefined":19,"s:165:4:166:Infinity":73,"b:165:8:165:34:165:34:165:84":20,"s:166:6:166:Infinity":74,"s:168:4:168:Infinity":75,"s:172:0:208:Infinity":76,"f:172:29:172:36":5,"s:173:2:206:Infinity":77,"s:174:26:174:55":78,"s:175:28:175:60":79,"s:177:19:177:60":80,"s:179:20:182:6":81,"b:184:4:185:Infinity:undefined:undefined:undefined:undefined":21,"s:184:4:185:Infinity":82,"s:185:6:185:Infinity":83,"b:187:4:188:Infinity:undefined:undefined:undefined:undefined":22,"s:187:4:188:Infinity":84,"s:188:6:188:Infinity":85,"s:191:29:191:67":86,"s:192:4:192:Infinity":87,"b:194:4:195:Infinity:undefined:undefined:undefined:undefined":23,"s:194:4:195:Infinity":88,"s:195:6:195:Infinity":89,"b:197:4:198:Infinity:undefined:undefined:undefined:undefined":24,"s:197:4:198:Infinity":90,"s:198:6:198:Infinity":91,"b:200:4:201:Infinity:undefined:undefined:undefined:undefined":25,"s:200:4:201:Infinity":92,"s:201:6:201:Infinity":93,"b:203:4:204:Infinity:undefined:undefined:undefined:undefined":26,"s:203:4:204:Infinity":94,"b:203:8:203:34:203:34:203:84":27,"s:204:6:204:Infinity":95,"s:206:4:206:Infinity":96}}}
,"C:\\web-course\\web-programming-course\\lessons\\lr8\\quiz-backend\\src\\services\\github.ts": {"path":"C:\\web-course\\web-programming-course\\lessons\\lr8\\quiz-backend\\src\\services\\github.ts","statementMap":{"0":{"start":{"line":33,"column":6},"end":{"line":33,"column":null}},"1":{"start":{"line":31,"column":22},"end":{"line":31,"column":null}},"2":{"start":{"line":34,"column":6},"end":{"line":34,"column":null}},"3":{"start":{"line":39,"column":21},"end":{"line":39,"column":null}},"4":{"start":{"line":40,"column":25},"end":{"line":40,"column":null}},"5":{"start":{"line":42,"column":4},"end":{"line":43,"column":null}},"6":{"start":{"line":43,"column":6},"end":{"line":43,"column":null}},"7":{"start":{"line":46,"column":26},"end":{"line":59,"column":null}},"8":{"start":{"line":62,"column":23},"end":{"line":62,"column":49}},"9":{"start":{"line":64,"column":4},"end":{"line":65,"column":null}},"10":{"start":{"line":65,"column":6},"end":{"line":65,"column":null}},"11":{"start":{"line":68,"column":4},"end":{"line":68,"column":null}},"12":{"start":{"line":72,"column":25},"end":{"line":77,"column":6}},"13":{"start":{"line":79,"column":24},"end":{"line":79,"column":49}},"14":{"start":{"line":81,"column":4},"end":{"line":82,"column":null}},"15":{"start":{"line":82,"column":6},"end":{"line":82,"column":null}},"16":{"start":{"line":85,"column":4},"end":{"line":89,"column":null}},"17":{"start":{"line":94,"column":4},"end":{"line":94,"column":null}},"18":{"start":{"line":95,"column":4},"end":{"line":95,"column":null}},"19":{"start":{"line":96,"column":4},"end":{"line":97,"column":null}},"20":{"start":{"line":97,"column":6},"end":{"line":97,"column":null}},"21":{"start":{"line":99,"column":4},"end":{"line":112,"column":null}},"22":{"start":{"line":101,"column":6},"end":{"line":102,"column":null}},"23":{"start":{"line":102,"column":8},"end":{"line":102,"column":null}},"24":{"start":{"line":104,"column":6},"end":{"line":105,"column":null}},"25":{"start":{"line":105,"column":8},"end":{"line":105,"column":null}},"26":{"start":{"line":108,"column":6},"end":{"line":112,"column":null}},"27":{"start":{"line":116,"column":24},"end":{"line":116,"column":62}},"28":{"start":{"line":117,"column":4},"end":{"line":117,"column":null}}},"fnMap":{"0":{"name":"(anonymous_0)","decl":{"start":{"line":29,"column":4},"end":{"line":29,"column":null}},"loc":{"start":{"line":32,"column":6},"end":{"line":34,"column":null}},"line":32},"1":{"name":"exchangeCodeForAccessToken","decl":{"start":{"line":38,"column":17},"end":{"line":38,"column":44}},"loc":{"start":{"line":38,"column":75},"end":{"line":68,"column":null}},"line":38},"2":{"name":"getGitHubUser","decl":{"start":{"line":71,"column":17},"end":{"line":71,"column":31}},"loc":{"start":{"line":71,"column":73},"end":{"line":89,"column":null}},"line":71},"3":{"name":"getGitHubUserByCode","decl":{"start":{"line":92,"column":24},"end":{"line":92,"column":44}},"loc":{"start":{"line":92,"column":79},"end":{"line":117,"column":null}},"line":92}},"branchMap":{"0":{"loc":{"start":{"line":42,"column":4},"end":{"line":43,"column":null}},"type":"if","locations":[{"start":{"line":42,"column":4},"end":{"line":43,"column":null}},{"start":{},"end":{}}],"line":42},"1":{"loc":{"start":{"line":42,"column":8},"end":{"line":42,"column":36}},"type":"binary-expr","locations":[{"start":{"line":42,"column":8},"end":{"line":42,"column":21}},{"start":{"line":42,"column":21},"end":{"line":42,"column":36}}],"line":42},"2":{"loc":{"start":{"line":64,"column":4},"end":{"line":65,"column":null}},"type":"if","locations":[{"start":{"line":64,"column":4},"end":{"line":65,"column":null}},{"start":{},"end":{}}],"line":64},"3":{"loc":{"start":{"line":81,"column":4},"end":{"line":82,"column":null}},"type":"if","locations":[{"start":{"line":81,"column":4},"end":{"line":82,"column":null}},{"start":{},"end":{}}],"line":81},"4":{"loc":{"start":{"line":96,"column":4},"end":{"line":97,"column":null}},"type":"if","locations":[{"start":{"line":96,"column":4},"end":{"line":97,"column":null}},{"start":{},"end":{}}],"line":96},"5":{"loc":{"start":{"line":99,"column":4},"end":{"line":112,"column":null}},"type":"if","locations":[{"start":{"line":99,"column":4},"end":{"line":112,"column":null}},{"start":{},"end":{}}],"line":99},"6":{"loc":{"start":{"line":101,"column":6},"end":{"line":102,"column":null}},"type":"if","locations":[{"start":{"line":101,"column":6},"end":{"line":102,"column":null}},{"start":{},"end":{}}],"line":101},"7":{"loc":{"start":{"line":104,"column":6},"end":{"line":105,"column":null}},"type":"if","locations":[{"start":{"line":104,"column":6},"end":{"line":105,"column":null}},{"start":{},"end":{}}],"line":104}},"s":{"0":0,"1":0,"2":0,"3":0,"4":0,"5":0,"6":0,"7":0,"8":0,"9":0,"10":0,"11":0,"12":0,"13":0,"14":0,"15":0,"16":0,"17":5,"18":5,"19":5,"20":1,"21":4,"22":4,"23":4,"24":0,"25":0,"26":0,"27":0,"28":0},"f":{"0":0,"1":0,"2":0,"3":5},"b":{"0":[0,0],"1":[0,0],"2":[0,0],"3":[0,0],"4":[1,4],"5":[4,0],"6":[4,0],"7":[0,0]},"meta":{"lastBranch":8,"lastFunction":4,"lastStatement":29,"seen":{"f:29:4:29:Infinity":0,"s:33:6:33:Infinity":0,"s:31:22:31:Infinity":1,"s:34:6:34:Infinity":2,"f:38:17:38:44":1,"s:39:21:39:Infinity":3,"s:40:25:40:Infinity":4,"b:42:4:43:Infinity:undefined:undefined:undefined:undefined":0,"s:42:4:43:Infinity":5,"b:42:8:42:21:42:21:42:36":1,"s:43:6:43:Infinity":6,"s:46:26:59:Infinity":7,"s:62:23:62:49":8,"b:64:4:65:Infinity:undefined:undefined:undefined:undefined":2,"s:64:4:65:Infinity":9,"s:65:6:65:Infinity":10,"s:68:4:68:Infinity":11,"f:71:17:71:31":2,"s:72:25:77:6":12,"s:79:24:79:49":13,"b:81:4:82:Infinity:undefined:undefined:undefined:undefined":3,"s:81:4:82:Infinity":14,"s:82:6:82:Infinity":15,"s:85:4:89:Infinity":16,"f:92:24:92:44":3,"s:94:4:94:Infinity":17,"s:95:4:95:Infinity":18,"b:96:4:97:Infinity:undefined:undefined:undefined:undefined":4,"s:96:4:97:Infinity":19,"s:97:6:97:Infinity":20,"b:99:4:112:Infinity:undefined:undefined:undefined:undefined":5,"s:99:4:112:Infinity":21,"b:101:6:102:Infinity:undefined:undefined:undefined:undefined":6,"s:101:6:102:Infinity":22,"s:102:8:102:Infinity":23,"b:104:6:105:Infinity:undefined:undefined:undefined:undefined":7,"s:104:6:105:Infinity":24,"s:105:8:105:Infinity":25,"s:108:6:112:Infinity":26,"s:116:24:116:62":27,"s:117:4:117:Infinity":28}}}
,"C:\\web-course\\web-programming-course\\lessons\\lr8\\quiz-backend\\src\\services\\scoringService.ts": {"path":"C:\\web-course\\web-programming-course\\lessons\\lr8\\quiz-backend\\src\\services\\scoringService.ts","statementMap":{"0":{"start":{"line":10,"column":20},"end":{"line":10,"column":null}},"1":{"start":{"line":11,"column":33},"end":{"line":11,"column":52}},"2":{"start":{"line":13,"column":8},"end":{"line":21,"column":null}},"3":{"start":{"line":14,"column":24},"end":{"line":14,"column":53}},"4":{"start":{"line":15,"column":10},"end":{"line":21,"column":null}},"5":{"start":{"line":17,"column":12},"end":{"line":17,"column":null}},"6":{"start":{"line":18,"column":12},"end":{"line":18,"column":null}},"7":{"start":{"line":21,"column":12},"end":{"line":21,"column":null}},"8":{"start":{"line":24,"column":8},"end":{"line":24,"column":null}},"9":{"start":{"line":34,"column":6},"end":{"line":35,"column":null}},"10":{"start":{"line":35,"column":8},"end":{"line":35,"column":null}},"11":{"start":{"line":37,"column":18},"end":{"line":37,"column":null}},"12":{"start":{"line":38,"column":6},"end":{"line":39,"column":null}},"13":{"start":{"line":38,"column":19},"end":{"line":38,"column":22}},"14":{"start":{"line":39,"column":8},"end":{"line":39,"column":null}},"15":{"start":{"line":41,"column":6},"end":{"line":41,"column":null}},"16":{"start":{"line":45,"column":32},"end":{"line":45,"column":52}}},"fnMap":{"0":{"name":"(anonymous_0)","decl":{"start":{"line":9,"column":4},"end":{"line":9,"column":24}},"loc":{"start":{"line":9,"column":84},"end":{"line":24,"column":null}},"line":9},"1":{"name":"(anonymous_1)","decl":{"start":{"line":33,"column":4},"end":{"line":33,"column":15}},"loc":{"start":{"line":33,"column":59},"end":{"line":41,"column":null}},"line":33}},"branchMap":{"0":{"loc":{"start":{"line":15,"column":10},"end":{"line":21,"column":null}},"type":"if","locations":[{"start":{"line":15,"column":10},"end":{"line":21,"column":null}},{"start":{"line":19,"column":17},"end":{"line":21,"column":null}}],"line":15},"1":{"loc":{"start":{"line":34,"column":6},"end":{"line":35,"column":null}},"type":"if","locations":[{"start":{"line":34,"column":6},"end":{"line":35,"column":null}},{"start":{},"end":{}}],"line":34}},"s":{"0":14,"1":14,"2":14,"3":25,"4":25,"5":14,"6":14,"7":11,"8":14,"9":11,"10":2,"11":9,"12":9,"13":9,"14":26,"15":9,"16":3},"f":{"0":14,"1":11},"b":{"0":[14,11],"1":[2,9]},"meta":{"lastBranch":2,"lastFunction":2,"lastStatement":17,"seen":{"f:9:4:9:24":0,"s:10:20:10:Infinity":0,"s:11:33:11:52":1,"s:13:8:21:Infinity":2,"s:14:24:14:53":3,"b:15:10:21:Infinity:19:17:21:Infinity":0,"s:15:10:21:Infinity":4,"s:17:12:17:Infinity":5,"s:18:12:18:Infinity":6,"s:21:12:21:Infinity":7,"s:24:8:24:Infinity":8,"f:33:4:33:15":1,"b:34:6:35:Infinity:undefined:undefined:undefined:undefined":1,"s:34:6:35:Infinity":9,"s:35:8:35:Infinity":10,"s:37:18:37:Infinity":11,"s:38:6:39:Infinity":12,"s:38:19:38:22":13,"s:39:8:39:Infinity":14,"s:41:6:41:Infinity":15,"s:45:32:45:52":16}}}
,"C:\\web-course\\web-programming-course\\lessons\\lr8\\quiz-backend\\src\\services\\sessionService.ts": {"path":"C:\\web-course\\web-programming-course\\lessons\\lr8\\quiz-backend\\src\\services\\sessionService.ts","statementMap":{"0":{"start":{"line":16,"column":4},"end":{"line":16,"column":null}},"1":{"start":{"line":14,"column":20},"end":{"line":14,"column":null}},"2":{"start":{"line":17,"column":4},"end":{"line":17,"column":null}},"3":{"start":{"line":22,"column":2},"end":{"line":22,"column":null}},"4":{"start":{"line":22,"column":55},"end":{"line":22,"column":80}},"5":{"start":{"line":27,"column":4},"end":{"line":99,"column":null}},"6":{"start":{"line":28,"column":22},"end":{"line":30,"column":8}},"7":{"start":{"line":32,"column":6},"end":{"line":33,"column":null}},"8":{"start":{"line":33,"column":8},"end":{"line":33,"column":null}},"9":{"start":{"line":36,"column":6},"end":{"line":37,"column":null}},"10":{"start":{"line":37,"column":8},"end":{"line":37,"column":null}},"11":{"start":{"line":40,"column":6},"end":{"line":45,"column":null}},"12":{"start":{"line":41,"column":8},"end":{"line":44,"column":null}},"13":{"start":{"line":45,"column":8},"end":{"line":45,"column":null}},"14":{"start":{"line":48,"column":23},"end":{"line":50,"column":8}},"15":{"start":{"line":52,"column":6},"end":{"line":53,"column":null}},"16":{"start":{"line":53,"column":8},"end":{"line":53,"column":null}},"17":{"start":{"line":56,"column":33},"end":{"line":56,"column":null}},"18":{"start":{"line":57,"column":38},"end":{"line":57,"column":null}},"19":{"start":{"line":59,"column":6},"end":{"line":77,"column":null}},"20":{"start":{"line":60,"column":8},"end":{"line":61,"column":null}},"21":{"start":{"line":61,"column":10},"end":{"line":61,"column":null}},"22":{"start":{"line":63,"column":8},"end":{"line":64,"column":null}},"23":{"start":{"line":64,"column":10},"end":{"line":64,"column":null}},"24":{"start":{"line":68,"column":31},"end":{"line":68,"column":65}},"25":{"start":{"line":69,"column":31},"end":{"line":69,"column":53}},"26":{"start":{"line":71,"column":8},"end":{"line":71,"column":null}},"27":{"start":{"line":73,"column":27},"end":{"line":73,"column":50}},"28":{"start":{"line":74,"column":27},"end":{"line":74,"column":50}},"29":{"start":{"line":75,"column":8},"end":{"line":77,"column":null}},"30":{"start":{"line":77,"column":51},"end":{"line":77,"column":73}},"31":{"start":{"line":80,"column":6},"end":{"line":97,"column":null}},"32":{"start":{"line":81,"column":8},"end":{"line":89,"column":null}},"33":{"start":{"line":91,"column":8},"end":{"line":95,"column":null}},"34":{"start":{"line":95,"column":10},"end":{"line":95,"column":null}},"35":{"start":{"line":97,"column":8},"end":{"line":97,"column":null}},"36":{"start":{"line":115,"column":4},"end":{"line":161,"column":null}},"37":{"start":{"line":117,"column":22},"end":{"line":123,"column":8}},"38":{"start":{"line":126,"column":25},"end":{"line":126,"column":27}},"39":{"start":{"line":127,"column":6},"end":{"line":128,"column":null}},"40":{"start":{"line":128,"column":8},"end":{"line":128,"column":null}},"41":{"start":{"line":132,"column":27},"end":{"line":139,"column":8}},"42":{"start":{"line":142,"column":30},"end":{"line":142,"column":null}},"43":{"start":{"line":143,"column":6},"end":{"line":147,"column":null}},"44":{"start":{"line":145,"column":8},"end":{"line":147,"column":null}},"45":{"start":{"line":146,"column":22},"end":{"line":146,"column":41}},"46":{"start":{"line":151,"column":6},"end":{"line":160,"column":null}},"47":{"start":{"line":165,"column":4},"end":{"line":204,"column":null}},"48":{"start":{"line":166,"column":22},"end":{"line":171,"column":8}},"49":{"start":{"line":173,"column":6},"end":{"line":174,"column":null}},"50":{"start":{"line":174,"column":8},"end":{"line":174,"column":null}},"51":{"start":{"line":177,"column":6},"end":{"line":178,"column":null}},"52":{"start":{"line":178,"column":8},"end":{"line":178,"column":null}},"53":{"start":{"line":181,"column":6},"end":{"line":186,"column":null}},"54":{"start":{"line":182,"column":8},"end":{"line":185,"column":null}},"55":{"start":{"line":186,"column":8},"end":{"line":186,"column":null}},"56":{"start":{"line":189,"column":25},"end":{"line":191,"column":62}},"57":{"start":{"line":190,"column":28},"end":{"line":190,"column":50}},"58":{"start":{"line":191,"column":33},"end":{"line":191,"column":60}},"59":{"start":{"line":193,"column":6},"end":{"line":203,"column":null}},"60":{"start":{"line":208,"column":30},"end":{"line":208,"column":50}}},"fnMap":{"0":{"name":"(anonymous_0)","decl":{"start":{"line":6,"column":2},"end":{"line":6,"column":null}},"loc":{"start":{"line":15,"column":4},"end":{"line":17,"column":null}},"line":15},"1":{"name":"isStringArray","decl":{"start":{"line":21,"column":9},"end":{"line":21,"column":23}},"loc":{"start":{"line":21,"column":58},"end":{"line":22,"column":null}},"line":21},"2":{"name":"(anonymous_2)","decl":{"start":{"line":22,"column":39},"end":{"line":22,"column":46}},"loc":{"start":{"line":22,"column":55},"end":{"line":22,"column":80}},"line":22},"3":{"name":"(anonymous_3)","decl":{"start":{"line":26,"column":8},"end":{"line":26,"column":21}},"loc":{"start":{"line":26,"column":91},"end":{"line":99,"column":null}},"line":26},"4":{"name":"(anonymous_4)","decl":{"start":{"line":27,"column":31},"end":{"line":27,"column":38}},"loc":{"start":{"line":27,"column":45},"end":{"line":99,"column":null}},"line":27},"5":{"name":"(anonymous_5)","decl":{"start":{"line":77,"column":33},"end":{"line":77,"column":40}},"loc":{"start":{"line":77,"column":51},"end":{"line":77,"column":73}},"line":77},"6":{"name":"(anonymous_6)","decl":{"start":{"line":102,"column":8},"end":{"line":102,"column":null}},"loc":{"start":{"line":114,"column":5},"end":{"line":161,"column":null}},"line":114},"7":{"name":"(anonymous_7)","decl":{"start":{"line":115,"column":31},"end":{"line":115,"column":38}},"loc":{"start":{"line":115,"column":45},"end":{"line":161,"column":null}},"line":115},"8":{"name":"(anonymous_8)","decl":{"start":{"line":146,"column":11},"end":{"line":146,"column":22}},"loc":{"start":{"line":146,"column":22},"end":{"line":146,"column":41}},"line":146},"9":{"name":"(anonymous_9)","decl":{"start":{"line":164,"column":8},"end":{"line":164,"column":22}},"loc":{"start":{"line":164,"column":41},"end":{"line":204,"column":null}},"line":164},"10":{"name":"(anonymous_10)","decl":{"start":{"line":165,"column":31},"end":{"line":165,"column":38}},"loc":{"start":{"line":165,"column":45},"end":{"line":204,"column":null}},"line":165},"11":{"name":"(anonymous_11)","decl":{"start":{"line":190,"column":9},"end":{"line":190,"column":17}},"loc":{"start":{"line":190,"column":28},"end":{"line":190,"column":50}},"line":190},"12":{"name":"(anonymous_12)","decl":{"start":{"line":191,"column":9},"end":{"line":191,"column":17}},"loc":{"start":{"line":191,"column":33},"end":{"line":191,"column":60}},"line":191}},"branchMap":{"0":{"loc":{"start":{"line":22,"column":9},"end":{"line":22,"column":80}},"type":"binary-expr","locations":[{"start":{"line":22,"column":9},"end":{"line":22,"column":29}},{"start":{"line":22,"column":33},"end":{"line":22,"column":80}}],"line":22},"1":{"loc":{"start":{"line":32,"column":6},"end":{"line":33,"column":null}},"type":"if","locations":[{"start":{"line":32,"column":6},"end":{"line":33,"column":null}},{"start":{},"end":{}}],"line":32},"2":{"loc":{"start":{"line":36,"column":6},"end":{"line":37,"column":null}},"type":"if","locations":[{"start":{"line":36,"column":6},"end":{"line":37,"column":null}},{"start":{},"end":{}}],"line":36},"3":{"loc":{"start":{"line":40,"column":6},"end":{"line":45,"column":null}},"type":"if","locations":[{"start":{"line":40,"column":6},"end":{"line":45,"column":null}},{"start":{},"end":{}}],"line":40},"4":{"loc":{"start":{"line":52,"column":6},"end":{"line":53,"column":null}},"type":"if","locations":[{"start":{"line":52,"column":6},"end":{"line":53,"column":null}},{"start":{},"end":{}}],"line":52},"5":{"loc":{"start":{"line":59,"column":6},"end":{"line":77,"column":null}},"type":"if","locations":[{"start":{"line":59,"column":6},"end":{"line":77,"column":null}},{"start":{},"end":{}}],"line":59},"6":{"loc":{"start":{"line":60,"column":8},"end":{"line":61,"column":null}},"type":"if","locations":[{"start":{"line":60,"column":8},"end":{"line":61,"column":null}},{"start":{},"end":{}}],"line":60},"7":{"loc":{"start":{"line":63,"column":8},"end":{"line":64,"column":null}},"type":"if","locations":[{"start":{"line":63,"column":8},"end":{"line":64,"column":null}},{"start":{},"end":{}}],"line":63},"8":{"loc":{"start":{"line":76,"column":10},"end":{"line":77,"column":74}},"type":"binary-expr","locations":[{"start":{"line":76,"column":10},"end":{"line":76,"column":null}},{"start":{"line":77,"column":10},"end":{"line":77,"column":74}}],"line":76},"9":{"loc":{"start":{"line":91,"column":8},"end":{"line":95,"column":null}},"type":"if","locations":[{"start":{"line":91,"column":8},"end":{"line":95,"column":null}},{"start":{},"end":{}}],"line":91},"10":{"loc":{"start":{"line":92,"column":10},"end":{"line":93,"column":null}},"type":"binary-expr","locations":[{"start":{"line":92,"column":10},"end":{"line":92,"column":null}},{"start":{"line":93,"column":10},"end":{"line":93,"column":null}}],"line":92},"11":{"loc":{"start":{"line":127,"column":6},"end":{"line":128,"column":null}},"type":"if","locations":[{"start":{"line":127,"column":6},"end":{"line":128,"column":null}},{"start":{},"end":{}}],"line":127},"12":{"loc":{"start":{"line":143,"column":6},"end":{"line":147,"column":null}},"type":"if","locations":[{"start":{"line":143,"column":6},"end":{"line":147,"column":null}},{"start":{},"end":{}}],"line":143},"13":{"loc":{"start":{"line":143,"column":10},"end":{"line":143,"column":47}},"type":"binary-expr","locations":[{"start":{"line":143,"column":10},"end":{"line":143,"column":28}},{"start":{"line":143,"column":28},"end":{"line":143,"column":47}}],"line":143},"14":{"loc":{"start":{"line":155,"column":14},"end":{"line":155,"column":null}},"type":"binary-expr","locations":[{"start":{"line":155,"column":14},"end":{"line":155,"column":31}},{"start":{"line":155,"column":31},"end":{"line":155,"column":null}}],"line":155},"15":{"loc":{"start":{"line":173,"column":6},"end":{"line":174,"column":null}},"type":"if","locations":[{"start":{"line":173,"column":6},"end":{"line":174,"column":null}},{"start":{},"end":{}}],"line":173},"16":{"loc":{"start":{"line":177,"column":6},"end":{"line":178,"column":null}},"type":"if","locations":[{"start":{"line":177,"column":6},"end":{"line":178,"column":null}},{"start":{},"end":{}}],"line":177},"17":{"loc":{"start":{"line":181,"column":6},"end":{"line":186,"column":null}},"type":"if","locations":[{"start":{"line":181,"column":6},"end":{"line":186,"column":null}},{"start":{},"end":{}}],"line":181},"18":{"loc":{"start":{"line":191,"column":40},"end":{"line":191,"column":60}},"type":"binary-expr","locations":[{"start":{"line":191,"column":40},"end":{"line":191,"column":56}},{"start":{"line":191,"column":56},"end":{"line":191,"column":60}}],"line":191}},"s":{"0":0,"1":0,"2":0,"3":4,"4":4,"5":2,"6":2,"7":2,"8":0,"9":2,"10":0,"11":2,"12":0,"13":0,"14":2,"15":2,"16":0,"17":2,"18":2,"19":2,"20":2,"21":0,"22":2,"23":0,"24":2,"25":2,"26":2,"27":2,"28":2,"29":2,"30":2,"31":2,"32":2,"33":0,"34":0,"35":0,"36":5,"37":5,"38":5,"39":5,"40":0,"41":5,"42":5,"43":5,"44":0,"45":0,"46":5,"47":1,"48":1,"49":1,"50":0,"51":1,"52":0,"53":1,"54":0,"55":0,"56":1,"57":1,"58":1,"59":1,"60":1},"f":{"0":0,"1":4,"2":4,"3":2,"4":2,"5":2,"6":5,"7":5,"8":0,"9":1,"10":1,"11":1,"12":1},"b":{"0":[4,4],"1":[0,2],"2":[0,2],"3":[0,2],"4":[0,2],"5":[2,0],"6":[0,2],"7":[0,2],"8":[2,2],"9":[0,0],"10":[0,0],"11":[0,5],"12":[0,5],"13":[5,0],"14":[5,0],"15":[0,1],"16":[0,1],"17":[0,1],"18":[1,0]},"meta":{"lastBranch":19,"lastFunction":13,"lastStatement":61,"seen":{"f:6:2:6:Infinity":0,"s:16:4:16:Infinity":0,"s:14:20:14:Infinity":1,"s:17:4:17:Infinity":2,"f:21:9:21:23":1,"s:22:2:22:Infinity":3,"b:22:9:22:29:22:33:22:80":0,"f:22:39:22:46":2,"s:22:55:22:80":4,"f:26:8:26:21":3,"s:27:4:99:Infinity":5,"f:27:31:27:38":4,"s:28:22:30:8":6,"b:32:6:33:Infinity:undefined:undefined:undefined:undefined":1,"s:32:6:33:Infinity":7,"s:33:8:33:Infinity":8,"b:36:6:37:Infinity:undefined:undefined:undefined:undefined":2,"s:36:6:37:Infinity":9,"s:37:8:37:Infinity":10,"b:40:6:45:Infinity:undefined:undefined:undefined:undefined":3,"s:40:6:45:Infinity":11,"s:41:8:44:Infinity":12,"s:45:8:45:Infinity":13,"s:48:23:50:8":14,"b:52:6:53:Infinity:undefined:undefined:undefined:undefined":4,"s:52:6:53:Infinity":15,"s:53:8:53:Infinity":16,"s:56:33:56:Infinity":17,"s:57:38:57:Infinity":18,"b:59:6:77:Infinity:undefined:undefined:undefined:undefined":5,"s:59:6:77:Infinity":19,"b:60:8:61:Infinity:undefined:undefined:undefined:undefined":6,"s:60:8:61:Infinity":20,"s:61:10:61:Infinity":21,"b:63:8:64:Infinity:undefined:undefined:undefined:undefined":7,"s:63:8:64:Infinity":22,"s:64:10:64:Infinity":23,"s:68:31:68:65":24,"s:69:31:69:53":25,"s:71:8:71:Infinity":26,"s:73:27:73:50":27,"s:74:27:74:50":28,"s:75:8:77:Infinity":29,"b:76:10:76:Infinity:77:10:77:74":8,"f:77:33:77:40":5,"s:77:51:77:73":30,"s:80:6:97:Infinity":31,"s:81:8:89:Infinity":32,"b:91:8:95:Infinity:undefined:undefined:undefined:undefined":9,"s:91:8:95:Infinity":33,"b:92:10:92:Infinity:93:10:93:Infinity":10,"s:95:10:95:Infinity":34,"s:97:8:97:Infinity":35,"f:102:8:102:Infinity":6,"s:115:4:161:Infinity":36,"f:115:31:115:38":7,"s:117:22:123:8":37,"s:126:25:126:27":38,"b:127:6:128:Infinity:undefined:undefined:undefined:undefined":11,"s:127:6:128:Infinity":39,"s:128:8:128:Infinity":40,"s:132:27:139:8":41,"s:142:30:142:Infinity":42,"b:143:6:147:Infinity:undefined:undefined:undefined:undefined":12,"s:143:6:147:Infinity":43,"b:143:10:143:28:143:28:143:47":13,"s:145:8:147:Infinity":44,"f:146:11:146:22":8,"s:146:22:146:41":45,"s:151:6:160:Infinity":46,"b:155:14:155:31:155:31:155:Infinity":14,"f:164:8:164:22":9,"s:165:4:204:Infinity":47,"f:165:31:165:38":10,"s:166:22:171:8":48,"b:173:6:174:Infinity:undefined:undefined:undefined:undefined":15,"s:173:6:174:Infinity":49,"s:174:8:174:Infinity":50,"b:177:6:178:Infinity:undefined:undefined:undefined:undefined":16,"s:177:6:178:Infinity":51,"s:178:8:178:Infinity":52,"b:181:6:186:Infinity:undefined:undefined:undefined:undefined":17,"s:181:6:186:Infinity":53,"s:182:8:185:Infinity":54,"s:186:8:186:Infinity":55,"s:189:25:191:62":56,"f:190:9:190:17":11,"s:190:28:190:50":57,"f:191:9:191:17":12,"s:191:33:191:60":58,"b:191:40:191:56:191:56:191:60":18,"s:193:6:203:Infinity":59,"s:208:30:208:50":60}}}
,"C:\\web-course\\web-programming-course\\lessons\\lr8\\quiz-backend\\src\\utils\\validation.ts": {"path":"C:\\web-course\\web-programming-course\\lessons\\lr8\\quiz-backend\\src\\utils\\validation.ts","statementMap":{"0":{"start":{"line":3,"column":36},"end":{"line":5,"column":2}},"1":{"start":{"line":7,"column":36},"end":{"line":9,"column":2}},"2":{"start":{"line":11,"column":28},"end":{"line":15,"column":2}},"3":{"start":{"line":17,"column":27},"end":{"line":20,"column":2}},"4":{"start":{"line":22,"column":30},"end":{"line":28,"column":2}}},"fnMap":{},"branchMap":{},"s":{"0":4,"1":4,"2":4,"3":4,"4":4},"f":{},"b":{},"meta":{"lastBranch":0,"lastFunction":0,"lastStatement":5,"seen":{"s:3:36:5:2":0,"s:7:36:9:2":1,"s:11:28:15:2":2,"s:17:27:20:2":3,"s:22:30:28:2":4}}}
,"C:\\web-course\\web-programming-course\\lessons\\lr8\\quiz-backend\\tests\\setup\\seed.ts": {"path":"C:\\web-course\\web-programming-course\\lessons\\lr8\\quiz-backend\\tests\\setup\\seed.ts","statementMap":{"0":{"start":{"line":4,"column":19},"end":{"line":9,"column":4}},"1":{"start":{"line":11,"column":19},"end":{"line":19,"column":4}},"2":{"start":{"line":21,"column":2},"end":{"line":21,"column":null}}},"fnMap":{"0":{"name":"seedCategoryAndQuestion","decl":{"start":{"line":3,"column":22},"end":{"line":3,"column":48}},"loc":{"start":{"line":3,"column":48},"end":{"line":21,"column":null}},"line":3}},"branchMap":{},"s":{"0":1,"1":1,"2":1},"f":{"0":1},"b":{},"meta":{"lastBranch":0,"lastFunction":1,"lastStatement":3,"seen":{"f:3:22:3:48":0,"s:4:19:9:4":0,"s:11:19:19:4":1,"s:21:2:21:Infinity":2}}}
,"C:\\web-course\\web-programming-course\\lessons\\lr8\\quiz-backend\\tests\\setup\\test-db.ts": {"path":"C:\\web-course\\web-programming-course\\lessons\\lr8\\quiz-backend\\tests\\setup\\test-db.ts","statementMap":{"0":{"start":{"line":3,"column":26},"end":{"line":5,"column":2}},"1":{"start":{"line":8,"column":4},"end":{"line":8,"column":null}},"2":{"start":{"line":9,"column":4},"end":{"line":9,"column":null}},"3":{"start":{"line":10,"column":4},"end":{"line":10,"column":null}},"4":{"start":{"line":11,"column":4},"end":{"line":11,"column":null}},"5":{"start":{"line":12,"column":4},"end":{"line":12,"column":null}}},"fnMap":{"0":{"name":"clearDatabase","decl":{"start":{"line":7,"column":22},"end":{"line":7,"column":38}},"loc":{"start":{"line":7,"column":38},"end":{"line":12,"column":null}},"line":7}},"branchMap":{"0":{"loc":{"start":{"line":4,"column":17},"end":{"line":4,"column":null}},"type":"binary-expr","locations":[{"start":{"line":4,"column":17},"end":{"line":4,"column":45}},{"start":{"line":4,"column":45},"end":{"line":4,"column":null}}],"line":4}},"s":{"0":3,"1":3,"2":3,"3":3,"4":3,"5":3},"f":{"0":3},"b":{"0":[3,0]},"meta":{"lastBranch":1,"lastFunction":1,"lastStatement":6,"seen":{"s:3:26:5:2":0,"b:4:17:4:45:4:45:4:Infinity":0,"f:7:22:7:38":0,"s:8:4:8:Infinity":1,"s:9:4:9:Infinity":2,"s:10:4:10:Infinity":3,"s:11:4:11:Infinity":4,"s:12:4:12:Infinity":5}}}
}
