{"C:\\web-course\\web-programming-course\\lessons\\lr5\\src\\tasks\\FinishScreen.tsx": {"path":"C:\\web-course\\web-programming-course\\lessons\\lr5\\src\\tasks\\FinishScreen.tsx","statementMap":{"0":{"start":{"line":11,"column":57},"end":{"line":70,"column":null}},"1":{"start":{"line":19,"column":4},"end":{"line":21,"column":null}},"2":{"start":{"line":23,"column":19},"end":{"line":28,"column":null}},"3":{"start":{"line":24,"column":4},"end":{"line":24,"column":null}},"4":{"start":{"line":24,"column":26},"end":{"line":24,"column":null}},"5":{"start":{"line":25,"column":4},"end":{"line":25,"column":null}},"6":{"start":{"line":25,"column":26},"end":{"line":25,"column":null}},"7":{"start":{"line":26,"column":4},"end":{"line":26,"column":null}},"8":{"start":{"line":26,"column":26},"end":{"line":26,"column":null}},"9":{"start":{"line":27,"column":4},"end":{"line":27,"column":null}},"10":{"start":{"line":31,"column":4},"end":{"line":33,"column":null}},"11":{"start":{"line":35,"column":17},"end":{"line":35,"column":null}},"12":{"start":{"line":36,"column":20},"end":{"line":36,"column":null}},"13":{"start":{"line":38,"column":4},"end":{"line":38,"column":null}},"14":{"start":{"line":40,"column":2},"end":{"line":68,"column":null}}},"fnMap":{"0":{"name":"(anonymous_0)","decl":{"start":{"line":11,"column":57},"end":{"line":11,"column":58}},"loc":{"start":{"line":17,"column":6},"end":{"line":70,"column":null}},"line":17},"1":{"name":"(anonymous_1)","decl":{"start":{"line":23,"column":19},"end":{"line":23,"column":25}},"loc":{"start":{"line":23,"column":25},"end":{"line":28,"column":null}},"line":23}},"branchMap":{"0":{"loc":{"start":{"line":19,"column":4},"end":{"line":21,"column":null}},"type":"cond-expr","locations":[{"start":{"line":20,"column":8},"end":{"line":20,"column":null}},{"start":{"line":21,"column":8},"end":{"line":21,"column":null}}],"line":19},"1":{"loc":{"start":{"line":24,"column":4},"end":{"line":24,"column":null}},"type":"if","locations":[{"start":{"line":24,"column":4},"end":{"line":24,"column":null}},{"start":{},"end":{}}],"line":24},"2":{"loc":{"start":{"line":25,"column":4},"end":{"line":25,"column":null}},"type":"if","locations":[{"start":{"line":25,"column":4},"end":{"line":25,"column":null}},{"start":{},"end":{}}],"line":25},"3":{"loc":{"start":{"line":26,"column":4},"end":{"line":26,"column":null}},"type":"if","locations":[{"start":{"line":26,"column":4},"end":{"line":26,"column":null}},{"start":{},"end":{}}],"line":26},"4":{"loc":{"start":{"line":31,"column":4},"end":{"line":33,"column":null}},"type":"cond-expr","locations":[{"start":{"line":32,"column":8},"end":{"line":32,"column":null}},{"start":{"line":33,"column":8},"end":{"line":33,"column":null}}],"line":31},"5":{"loc":{"start":{"line":35,"column":17},"end":{"line":35,"column":null}},"type":"cond-expr","locations":[{"start":{"line":35,"column":37},"end":{"line":35,"column":50}},{"start":{"line":35,"column":50},"end":{"line":35,"column":null}}],"line":35},"6":{"loc":{"start":{"line":36,"column":20},"end":{"line":36,"column":null}},"type":"cond-expr","locations":[{"start":{"line":36,"column":40},"end":{"line":36,"column":58}},{"start":{"line":36,"column":58},"end":{"line":36,"column":null}}],"line":36},"7":{"loc":{"start":{"line":38,"column":4},"end":{"line":38,"column":null}},"type":"cond-expr","locations":[{"start":{"line":38,"column":24},"end":{"line":38,"column":42}},{"start":{"line":38,"column":42},"end":{"line":38,"column":null}}],"line":38}},"s":{"0":1,"1":2,"2":2,"3":2,"4":1,"5":1,"6":0,"7":1,"8":1,"9":0,"10":2,"11":2,"12":2,"13":2,"14":2},"f":{"0":2,"1":2},"b":{"0":[2,0],"1":[1,1],"2":[0,1],"3":[1,0],"4":[2,0],"5":[2,0],"6":[2,0],"7":[2,0]},"meta":{"lastBranch":8,"lastFunction":2,"lastStatement":15,"seen":{"s:11:57:70:Infinity":0,"f:11:57:11:58":0,"s:19:4:21:Infinity":1,"b:20:8:20:Infinity:21:8:21:Infinity":0,"s:23:19:28:Infinity":2,"f:23:19:23:25":1,"b:24:4:24:Infinity:undefined:undefined:undefined:undefined":1,"s:24:4:24:Infinity":3,"s:24:26:24:Infinity":4,"b:25:4:25:Infinity:undefined:undefined:undefined:undefined":2,"s:25:4:25:Infinity":5,"s:25:26:25:Infinity":6,"b:26:4:26:Infinity:undefined:undefined:undefined:undefined":3,"s:26:4:26:Infinity":7,"s:26:26:26:Infinity":8,"s:27:4:27:Infinity":9,"s:31:4:33:Infinity":10,"b:32:8:32:Infinity:33:8:33:Infinity":4,"s:35:17:35:Infinity":11,"b:35:37:35:50:35:50:35:Infinity":5,"s:36:20:36:Infinity":12,"b:36:40:36:58:36:58:36:Infinity":6,"s:38:4:38:Infinity":13,"b:38:24:38:42:38:42:38:Infinity":7,"s:40:2:68:Infinity":14}}}
,"C:\\web-course\\web-programming-course\\lessons\\lr5\\src\\tasks\\Game.tsx": {"path":"C:\\web-course\\web-programming-course\\lessons\\lr5\\src\\tasks\\Game.tsx","statementMap":{"0":{"start":{"line":11,"column":13},"end":{"line":102,"column":null}},"1":{"start":{"line":22,"column":8},"end":{"line":22,"column":null}},"2":{"start":{"line":24,"column":4},"end":{"line":24,"column":null}},"3":{"start":{"line":24,"column":26},"end":{"line":24,"column":null}},"4":{"start":{"line":26,"column":23},"end":{"line":31,"column":null}},"5":{"start":{"line":27,"column":6},"end":{"line":29,"column":null}},"6":{"start":{"line":28,"column":8},"end":{"line":28,"column":null}},"7":{"start":{"line":30,"column":6},"end":{"line":30,"column":null}},"8":{"start":{"line":35,"column":6},"end":{"line":37,"column":null}},"9":{"start":{"line":38,"column":19},"end":{"line":38,"column":null}},"10":{"start":{"line":39,"column":22},"end":{"line":39,"column":null}},"11":{"start":{"line":40,"column":21},"end":{"line":40,"column":null}},"12":{"start":{"line":41,"column":21},"end":{"line":41,"column":null}},"13":{"start":{"line":43,"column":4},"end":{"line":99,"column":null}},"14":{"start":{"line":68,"column":33},"end":{"line":68,"column":null}},"15":{"start":{"line":74,"column":18},"end":{"line":84,"column":null}},"16":{"start":{"line":76,"column":35},"end":{"line":76,"column":null}}},"fnMap":{"0":{"name":"(anonymous_0)","decl":{"start":{"line":12,"column":2},"end":{"line":12,"column":3}},"loc":{"start":{"line":12,"column":55},"end":{"line":101,"column":null}},"line":12},"1":{"name":"(anonymous_1)","decl":{"start":{"line":26,"column":23},"end":{"line":26,"column":29}},"loc":{"start":{"line":26,"column":29},"end":{"line":31,"column":null}},"line":26},"2":{"name":"(anonymous_2)","decl":{"start":{"line":68,"column":26},"end":{"line":68,"column":27}},"loc":{"start":{"line":68,"column":33},"end":{"line":68,"column":null}},"line":68},"3":{"name":"(anonymous_3)","decl":{"start":{"line":73,"column":45},"end":{"line":73,"column":46}},"loc":{"start":{"line":74,"column":18},"end":{"line":84,"column":null}},"line":74},"4":{"name":"(anonymous_4)","decl":{"start":{"line":76,"column":29},"end":{"line":76,"column":35}},"loc":{"start":{"line":76,"column":35},"end":{"line":76,"column":null}},"line":76}},"branchMap":{"0":{"loc":{"start":{"line":24,"column":4},"end":{"line":24,"column":null}},"type":"if","locations":[{"start":{"line":24,"column":4},"end":{"line":24,"column":null}},{"start":{},"end":{}}],"line":24},"1":{"loc":{"start":{"line":27,"column":6},"end":{"line":29,"column":null}},"type":"if","locations":[{"start":{"line":27,"column":6},"end":{"line":29,"column":null}},{"start":{},"end":{}}],"line":27},"2":{"loc":{"start":{"line":35,"column":6},"end":{"line":37,"column":null}},"type":"cond-expr","locations":[{"start":{"line":36,"column":10},"end":{"line":36,"column":null}},{"start":{"line":37,"column":10},"end":{"line":37,"column":null}}],"line":35},"3":{"loc":{"start":{"line":38,"column":19},"end":{"line":38,"column":null}},"type":"cond-expr","locations":[{"start":{"line":38,"column":39},"end":{"line":38,"column":52}},{"start":{"line":38,"column":52},"end":{"line":38,"column":null}}],"line":38},"4":{"loc":{"start":{"line":39,"column":22},"end":{"line":39,"column":null}},"type":"cond-expr","locations":[{"start":{"line":39,"column":42},"end":{"line":39,"column":60}},{"start":{"line":39,"column":60},"end":{"line":39,"column":null}}],"line":39},"5":{"loc":{"start":{"line":40,"column":21},"end":{"line":40,"column":null}},"type":"cond-expr","locations":[{"start":{"line":40,"column":41},"end":{"line":40,"column":59}},{"start":{"line":40,"column":59},"end":{"line":40,"column":null}}],"line":40},"6":{"loc":{"start":{"line":41,"column":21},"end":{"line":41,"column":null}},"type":"cond-expr","locations":[{"start":{"line":41,"column":41},"end":{"line":41,"column":57}},{"start":{"line":41,"column":57},"end":{"line":41,"column":null}}],"line":41},"7":{"loc":{"start":{"line":52,"column":15},"end":{"line":52,"column":null}},"type":"cond-expr","locations":[{"start":{"line":52,"column":35},"end":{"line":52,"column":42}},{"start":{"line":52,"column":42},"end":{"line":52,"column":null}}],"line":52},"8":{"loc":{"start":{"line":65,"column":13},"end":{"line":86,"column":null}},"type":"cond-expr","locations":[{"start":{"line":66,"column":14},"end":{"line":70,"column":null}},{"start":{"line":72,"column":14},"end":{"line":86,"column":null}}],"line":65},"9":{"loc":{"start":{"line":67,"column":23},"end":{"line":67,"column":null}},"type":"binary-expr","locations":[{"start":{"line":67,"column":23},"end":{"line":67,"column":38}},{"start":{"line":67,"column":38},"end":{"line":67,"column":null}}],"line":67},"10":{"loc":{"start":{"line":78,"column":22},"end":{"line":80,"column":null}},"type":"cond-expr","locations":[{"start":{"line":79,"column":26},"end":{"line":79,"column":null}},{"start":{"line":80,"column":26},"end":{"line":80,"column":null}}],"line":78},"11":{"loc":{"start":{"line":89,"column":13},"end":{"line":95,"column":null}},"type":"binary-expr","locations":[{"start":{"line":89,"column":13},"end":{"line":89,"column":null}},{"start":{"line":90,"column":14},"end":{"line":95,"column":null}}],"line":89},"12":{"loc":{"start":{"line":94,"column":17},"end":{"line":94,"column":null}},"type":"cond-expr","locations":[{"start":{"line":94,"column":34},"end":{"line":94,"column":48}},{"start":{"line":94,"column":48},"end":{"line":94,"column":null}}],"line":94}},"s":{"0":1,"1":3,"2":3,"3":0,"4":3,"5":3,"6":0,"7":3,"8":3,"9":3,"10":3,"11":3,"12":3,"13":3,"14":0,"15":9,"16":1},"f":{"0":3,"1":3,"2":0,"3":9,"4":1},"b":{"0":[0,3],"1":[0,3],"2":[3,0],"3":[3,0],"4":[3,0],"5":[3,0],"6":[3,0],"7":[3,0],"8":[0,3],"9":[0,0],"10":[0,9],"11":[3,0],"12":[0,0]},"meta":{"lastBranch":13,"lastFunction":5,"lastStatement":17,"seen":{"s:11:13:102:Infinity":0,"f:12:2:12:3":0,"s:22:8:22:Infinity":1,"b:24:4:24:Infinity:undefined:undefined:undefined:undefined":0,"s:24:4:24:Infinity":2,"s:24:26:24:Infinity":3,"s:26:23:31:Infinity":4,"f:26:23:26:29":1,"b:27:6:29:Infinity:undefined:undefined:undefined:undefined":1,"s:27:6:29:Infinity":5,"s:28:8:28:Infinity":6,"s:30:6:30:Infinity":7,"s:35:6:37:Infinity":8,"b:36:10:36:Infinity:37:10:37:Infinity":2,"s:38:19:38:Infinity":9,"b:38:39:38:52:38:52:38:Infinity":3,"s:39:22:39:Infinity":10,"b:39:42:39:60:39:60:39:Infinity":4,"s:40:21:40:Infinity":11,"b:40:41:40:59:40:59:40:Infinity":5,"s:41:21:41:Infinity":12,"b:41:41:41:57:41:57:41:Infinity":6,"s:43:4:99:Infinity":13,"b:52:35:52:42:52:42:52:Infinity":7,"b:66:14:70:Infinity:72:14:86:Infinity":8,"b:67:23:67:38:67:38:67:Infinity":9,"f:68:26:68:27":2,"s:68:33:68:Infinity":14,"f:73:45:73:46":3,"s:74:18:84:Infinity":15,"f:76:29:76:35":4,"s:76:35:76:Infinity":16,"b:79:26:79:Infinity:80:26:80:Infinity":10,"b:89:13:89:Infinity:90:14:95:Infinity":11,"b:94:34:94:48:94:48:94:Infinity":12}}}
,"C:\\web-course\\web-programming-course\\lessons\\lr5\\src\\tasks\\StartScreen.tsx": {"path":"C:\\web-course\\web-programming-course\\lessons\\lr5\\src\\tasks\\StartScreen.tsx","statementMap":{"0":{"start":{"line":10,"column":55},"end":{"line":64,"column":null}},"1":{"start":{"line":17,"column":4},"end":{"line":19,"column":null}},"2":{"start":{"line":21,"column":17},"end":{"line":21,"column":null}},"3":{"start":{"line":22,"column":20},"end":{"line":22,"column":null}},"4":{"start":{"line":23,"column":20},"end":{"line":23,"column":null}},"5":{"start":{"line":25,"column":4},"end":{"line":25,"column":null}},"6":{"start":{"line":27,"column":4},"end":{"line":27,"column":null}},"7":{"start":{"line":29,"column":2},"end":{"line":62,"column":null}}},"fnMap":{"0":{"name":"(anonymous_0)","decl":{"start":{"line":10,"column":55},"end":{"line":10,"column":56}},"loc":{"start":{"line":15,"column":6},"end":{"line":64,"column":null}},"line":15}},"branchMap":{"0":{"loc":{"start":{"line":17,"column":4},"end":{"line":19,"column":null}},"type":"cond-expr","locations":[{"start":{"line":18,"column":8},"end":{"line":18,"column":null}},{"start":{"line":19,"column":8},"end":{"line":19,"column":null}}],"line":17},"1":{"loc":{"start":{"line":21,"column":17},"end":{"line":21,"column":null}},"type":"cond-expr","locations":[{"start":{"line":21,"column":37},"end":{"line":21,"column":50}},{"start":{"line":21,"column":50},"end":{"line":21,"column":null}}],"line":21},"2":{"loc":{"start":{"line":22,"column":20},"end":{"line":22,"column":null}},"type":"cond-expr","locations":[{"start":{"line":22,"column":40},"end":{"line":22,"column":58}},{"start":{"line":22,"column":58},"end":{"line":22,"column":null}}],"line":22},"3":{"loc":{"start":{"line":23,"column":20},"end":{"line":23,"column":null}},"type":"cond-expr","locations":[{"start":{"line":23,"column":40},"end":{"line":23,"column":58}},{"start":{"line":23,"column":58},"end":{"line":23,"column":null}}],"line":23},"4":{"loc":{"start":{"line":25,"column":4},"end":{"line":25,"column":null}},"type":"cond-expr","locations":[{"start":{"line":25,"column":24},"end":{"line":25,"column":42}},{"start":{"line":25,"column":42},"end":{"line":25,"column":null}}],"line":25},"5":{"loc":{"start":{"line":27,"column":4},"end":{"line":27,"column":null}},"type":"cond-expr","locations":[{"start":{"line":27,"column":24},"end":{"line":27,"column":48}},{"start":{"line":27,"column":48},"end":{"line":27,"column":null}}],"line":27},"6":{"loc":{"start":{"line":39,"column":13},"end":{"line":39,"column":null}},"type":"cond-expr","locations":[{"start":{"line":39,"column":33},"end":{"line":39,"column":40}},{"start":{"line":39,"column":40},"end":{"line":39,"column":null}}],"line":39},"7":{"loc":{"start":{"line":52,"column":17},"end":{"line":52,"column":null}},"type":"cond-expr","locations":[{"start":{"line":52,"column":32},"end":{"line":52,"column":39}},{"start":{"line":52,"column":39},"end":{"line":52,"column":null}}],"line":52}},"s":{"0":1,"1":3,"2":3,"3":3,"4":3,"5":3,"6":3,"7":3},"f":{"0":3},"b":{"0":[3,0],"1":[3,0],"2":[3,0],"3":[3,0],"4":[3,0],"5":[3,0],"6":[3,0],"7":[3,0]},"meta":{"lastBranch":8,"lastFunction":1,"lastStatement":8,"seen":{"s:10:55:64:Infinity":0,"f:10:55:10:56":0,"s:17:4:19:Infinity":1,"b:18:8:18:Infinity:19:8:19:Infinity":0,"s:21:17:21:Infinity":2,"b:21:37:21:50:21:50:21:Infinity":1,"s:22:20:22:Infinity":3,"b:22:40:22:58:22:58:22:Infinity":2,"s:23:20:23:Infinity":4,"b:23:40:23:58:23:58:23:Infinity":3,"s:25:4:25:Infinity":5,"b:25:24:25:42:25:42:25:Infinity":4,"s:27:4:27:Infinity":6,"b:27:24:27:48:27:48:27:Infinity":5,"s:29:2:62:Infinity":7,"b:39:33:39:40:39:40:39:Infinity":6,"b:52:32:52:39:52:39:52:Infinity":7}}}
}
